Log file open, 02/07/18 10:06:24
LogWindows: Failed to load 'aqProf.dll' (GetLastError=126)
LogWindows: File 'aqProf.dll' does not exist
LogWindows: Failed to load 'VSPerf140.dll' (GetLastError=126)
LogWindows: File 'VSPerf140.dll' does not exist
LogWindows: Failed to load 'VtuneApi.dll' (GetLastError=126)
LogWindows: File 'VtuneApi.dll' does not exist
LogWindows: Failed to load 'VtuneApi32e.dll' (GetLastError=126)
LogWindows: File 'VtuneApi32e.dll' does not exist
LogInit: Display: Running engine for game: FantasyEscape3RD
LogPlatformFile: Not using cached read wrapper
LogInit: Display: RandInit(1507634840) SRandInit(1507634840).
LogInit: Read version file with build ID '3709383'
LogInit: Overriding engine version to CL 3832480, compatible CL 3709383
LogInit: Registered custom module enumerator with build ID '3709383'
LogTaskGraph: Started task graph with 5 named threads and 14 total threads with 3 sets of task threads.
LogStats: Stats thread started at 0.177830
LogD3D11RHI: Aftermath initialized
LogModuleManager: Display: Found up-to-date module file ../../../Engine/Plugins/2D/Paper2D/Binaries/Win64/UE4Editor-Paper2D.dll (API version 3709383).
LogModuleManager: Display: Found up-to-date module file ../../../Engine/Plugins/2D/Paper2D/Binaries/Win64/UE4Editor-Paper2DEditor.dll (API version 3709383).
LogModuleManager: Display: Found up-to-date module file ../../../Engine/Plugins/2D/Paper2D/Binaries/Win64/UE4Editor-PaperSpriteSheetImporter.dll (API version 3709383).
LogModuleManager: Display: Found up-to-date module file ../../../Engine/Plugins/2D/Paper2D/Binaries/Win64/UE4Editor-PaperTiledImporter.dll (API version 3709383).
LogModuleManager: Display: Found up-to-date module file ../../../Engine/Plugins/2D/Paper2D/Binaries/Win64/UE4Editor-SmartSnapping.dll (API version 3709383).
LogModuleManager: Display: Found up-to-date module file ../../../Engine/Plugins/Blendables/LightPropagationVolume/Binaries/Win64/UE4Editor-LightPropagationVolumeRuntime.dll (API version 3709383).
LogModuleManager: Display: Found up-to-date module file ../../../Engine/Plugins/Blendables/LightPropagationVolume/Binaries/Win64/UE4Editor-LightPropagationVolumeEditor.dll (API version 3709383).
LogModuleManager: Display: Found up-to-date module file ../../../Engine/Plugins/Developer/GitSourceControl/Binaries/Win64/UE4Editor-GitSourceControl.dll (API version 3709383).
LogModuleManager: Display: Found up-to-date module file ../../../Engine/Plugins/Developer/PerforceSourceControl/Binaries/Win64/UE4Editor-PerforceSourceControl.dll (API version 3709383).
LogModuleManager: Display: Found up-to-date module file ../../../Engine/Plugins/Developer/SubversionSourceControl/Binaries/Win64/UE4Editor-SubversionSourceControl.dll (API version 3709383).
LogModuleManager: Display: Found up-to-date module file ../../../Engine/Plugins/Developer/UObjectPlugin/Binaries/Win64/UE4Editor-UObjectPlugin.dll (API version 3709383).
LogModuleManager: Display: Found up-to-date module file ../../../Engine/Plugins/Developer/VisualStudioCodeSourceCodeAccess/Binaries/Win64/UE4Editor-VisualStudioCodeSourceCodeAccess.dll (API version 3709383).
LogModuleManager: Display: Found up-to-date module file ../../../Engine/Plugins/Developer/VisualStudioSourceCodeAccess/Binaries/Win64/UE4Editor-VisualStudioSourceCodeAccess.dll (API version 3709383).
LogModuleManager: Display: Found up-to-date module file ../../../Engine/Plugins/Editor/AssetManagerEditor/Binaries/Win64/UE4Editor-AssetManagerEditor.dll (API version 3709383).
LogModuleManager: Display: Found up-to-date module file ../../../Engine/Plugins/Editor/AudioCapture/Binaries/Win64/UE4Editor-AudioCapture.dll (API version 3709383).
LogModuleManager: Display: Found up-to-date module file ../../../Engine/Plugins/Editor/FacialAnimation/Binaries/Win64/UE4Editor-FacialAnimation.dll (API version 3709383).
LogModuleManager: Display: Found up-to-date module file ../../../Engine/Plugins/Editor/FacialAnimation/Binaries/Win64/UE4Editor-FacialAnimationEditor.dll (API version 3709383).
LogModuleManager: Display: Found up-to-date module file ../../../Engine/Plugins/Editor/GameplayTagsEditor/Binaries/Win64/UE4Editor-GameplayTagsEditor.dll (API version 3709383).
LogModuleManager: Display: Found up-to-date module file ../../../Engine/Plugins/Editor/MobileLauncherProfileWizard/Binaries/Win64/UE4Editor-MobileLauncherProfileWizard.dll (API version 3709383).
LogModuleManager: Display: Found up-to-date module file ../../../Engine/Plugins/Editor/PluginBrowser/Binaries/Win64/UE4Editor-PluginBrowser.dll (API version 3709383).
LogModuleManager: Display: Found up-to-date module file ../../../Engine/Plugins/Editor/SpeedTreeImporter/Binaries/Win64/UE4Editor-SpeedTreeImporter.dll (API version 3709383).
LogModuleManager: Display: Found up-to-date module file ../../../Engine/Plugins/Experimental/AlembicImporter/Binaries/Win64/UE4Editor-AlembicImporter.dll (API version 3709383).
LogModuleManager: Display: Found up-to-date module file ../../../Engine/Plugins/Experimental/AlembicImporter/Binaries/Win64/UE4Editor-AlembicLibrary.dll (API version 3709383).
LogModuleManager: Display: Found up-to-date module file ../../../Engine/Plugins/Experimental/CharacterAI/Binaries/Win64/UE4Editor-CharacterAI.dll (API version 3709383).
LogModuleManager: Display: Found up-to-date module file ../../../Engine/Plugins/Experimental/HTML5Networking/Binaries/Win64/UE4Editor-HTML5Networking.dll (API version 3709383).
LogModuleManager: Display: Found up-to-date module file ../../../Engine/Plugins/Media/AndroidMedia/Binaries/Win64/UE4Editor-AndroidMediaEditor.dll (API version 3709383).
LogModuleManager: Display: Found up-to-date module file ../../../Engine/Plugins/Media/AndroidMedia/Binaries/Win64/UE4Editor-AndroidMediaFactory.dll (API version 3709383).
LogModuleManager: Display: Found up-to-date module file ../../../Engine/Plugins/Media/AvfMedia/Binaries/Win64/UE4Editor-AvfMediaEditor.dll (API version 3709383).
LogModuleManager: Display: Found up-to-date module file ../../../Engine/Plugins/Media/AvfMedia/Binaries/Win64/UE4Editor-AvfMediaFactory.dll (API version 3709383).
LogModuleManager: Display: Found up-to-date module file ../../../Engine/Plugins/Media/AvfMedia/Binaries/Win64/UE4Editor-AvfMediaFactory.dll (API version 3709383).
LogModuleManager: Display: Found up-to-date module file ../../../Engine/Plugins/Media/ImgMedia/Binaries/Win64/UE4Editor-ImgMedia.dll (API version 3709383).
LogModuleManager: Display: Found up-to-date module file ../../../Engine/Plugins/Media/ImgMedia/Binaries/Win64/UE4Editor-ImgMediaEditor.dll (API version 3709383).
LogModuleManager: Display: Found up-to-date module file ../../../Engine/Plugins/Media/ImgMedia/Binaries/Win64/UE4Editor-ImgMediaFactory.dll (API version 3709383).
LogModuleManager: Display: Found up-to-date module file ../../../Engine/Plugins/Media/ImgMedia/Binaries/Win64/UE4Editor-ImgMediaFactory.dll (API version 3709383).
LogModuleManager: Display: Found up-to-date module file ../../../Engine/Plugins/Media/ImgMedia/Binaries/Win64/UE4Editor-OpenExrWrapper.dll (API version 3709383).
LogModuleManager: Display: Found up-to-date module file ../../../Engine/Plugins/Media/MediaCompositing/Binaries/Win64/UE4Editor-MediaCompositing.dll (API version 3709383).
LogModuleManager: Display: Found up-to-date module file ../../../Engine/Plugins/Media/MediaCompositing/Binaries/Win64/UE4Editor-MediaCompositingEditor.dll (API version 3709383).
LogModuleManager: Display: Found up-to-date module file ../../../Engine/Plugins/Media/MediaPlayerEditor/Binaries/Win64/UE4Editor-MediaPlayerEditor.dll (API version 3709383).
LogModuleManager: Display: Found up-to-date module file ../../../Engine/Plugins/Media/WmfMedia/Binaries/Win64/UE4Editor-WmfMedia.dll (API version 3709383).
LogModuleManager: Display: Found up-to-date module file ../../../Engine/Plugins/Media/WmfMedia/Binaries/Win64/UE4Editor-WmfMediaEditor.dll (API version 3709383).
LogModuleManager: Display: Found up-to-date module file ../../../Engine/Plugins/Media/WmfMedia/Binaries/Win64/UE4Editor-WmfMediaFactory.dll (API version 3709383).
LogModuleManager: Display: Found up-to-date module file ../../../Engine/Plugins/Media/WmfMedia/Binaries/Win64/UE4Editor-WmfMediaFactory.dll (API version 3709383).
LogModuleManager: Display: Found up-to-date module file ../../../Engine/Plugins/Messaging/TcpMessaging/Binaries/Win64/UE4Editor-TcpMessaging.dll (API version 3709383).
LogModuleManager: Display: Found up-to-date module file ../../../Engine/Plugins/Messaging/UdpMessaging/Binaries/Win64/UE4Editor-UdpMessaging.dll (API version 3709383).
LogModuleManager: Display: Found up-to-date module file ../../../Engine/Plugins/MovieScene/ActorSequence/Binaries/Win64/UE4Editor-ActorSequence.dll (API version 3709383).
LogModuleManager: Display: Found up-to-date module file ../../../Engine/Plugins/MovieScene/LevelSequenceEditor/Binaries/Win64/UE4Editor-LevelSequenceEditor.dll (API version 3709383).
LogModuleManager: Display: Found up-to-date module file ../../../Engine/Plugins/MovieScene/MatineeToLevelSequence/Binaries/Win64/UE4Editor-MatineeToLevelSequence.dll (API version 3709383).
LogModuleManager: Display: Found up-to-date module file ../../../Engine/Plugins/Online/OnlineSubsystem/Binaries/Win64/UE4Editor-OnlineSubsystem.dll (API version 3709383).
LogModuleManager: Display: Found up-to-date module file ../../../Engine/Plugins/Runtime/AndroidPermission/Binaries/Win64/UE4Editor-AndroidPermission.dll (API version 3709383).
LogModuleManager: Display: Found up-to-date module file ../../../Engine/Plugins/Online/OnlineSubsystemNull/Binaries/Win64/UE4Editor-OnlineSubsystemNull.dll (API version 3709383).
LogModuleManager: Display: Found up-to-date module file ../../../Engine/Plugins/Online/OnlineSubsystemUtils/Binaries/Win64/UE4Editor-OnlineSubsystemUtils.dll (API version 3709383).
LogModuleManager: Display: Found up-to-date module file ../../../Engine/Plugins/Online/OnlineSubsystemUtils/Binaries/Win64/UE4Editor-OnlineBlueprintSupport.dll (API version 3709383).
LogModuleManager: Display: Found up-to-date module file ../../../Engine/Plugins/Runtime/AndroidDeviceProfileSelector/Binaries/Win64/UE4Editor-AndroidDeviceProfileSelector.dll (API version 3709383).
LogModuleManager: Display: Found up-to-date module file ../../../Engine/Plugins/Runtime/AppleARKit/Binaries/Win64/UE4Editor-AppleARKit.dll (API version 3709383).
LogModuleManager: Display: Found up-to-date module file ../../../Engine/Plugins/Runtime/ArchVisCharacter/Binaries/Win64/UE4Editor-ArchVisCharacter.dll (API version 3709383).
LogModuleManager: Display: Found up-to-date module file ../../../Engine/Plugins/Runtime/CableComponent/Binaries/Win64/UE4Editor-CableComponent.dll (API version 3709383).
LogModuleManager: Display: Found up-to-date module file ../../../Engine/Plugins/Runtime/CustomMeshComponent/Binaries/Win64/UE4Editor-CustomMeshComponent.dll (API version 3709383).
LogModuleManager: Display: Found up-to-date module file ../../../Engine/Plugins/Runtime/ExampleDeviceProfileSelector/Binaries/Win64/UE4Editor-ExampleDeviceProfileSelector.dll (API version 3709383).
LogModuleManager: Display: Found up-to-date module file ../../../Engine/Plugins/Runtime/ImmediatePhysics/Binaries/Win64/UE4Editor-ImmediatePhysics.dll (API version 3709383).
LogModuleManager: Display: Found up-to-date module file ../../../Engine/Plugins/Runtime/ImmediatePhysics/Binaries/Win64/UE4Editor-ImmediatePhysicsEditor.dll (API version 3709383).
LogModuleManager: Display: Found up-to-date module file ../../../Engine/Plugins/Runtime/LocationServicesBPLibrary/Binaries/Win64/UE4Editor-LocationServicesBPLibrary.dll (API version 3709383).
LogModuleManager: Display: Found up-to-date module file ../../../Engine/Plugins/Runtime/MobilePatchingUtils/Binaries/Win64/UE4Editor-MobilePatchingUtils.dll (API version 3709383).
LogModuleManager: Display: Found up-to-date module file ../../../Engine/Plugins/Runtime/Oculus/OculusVR/Binaries/Win64/UE4Editor-OculusHMD.dll (API version 3709383).
LogModuleManager: Display: Found up-to-date module file ../../../Engine/Plugins/Runtime/Oculus/OculusVR/Binaries/Win64/UE4Editor-OculusInput.dll (API version 3709383).
LogModuleManager: Display: Found up-to-date module file ../../../Engine/Plugins/Runtime/Oculus/OculusVR/Binaries/Win64/UE4Editor-OculusEditor.dll (API version 3709383).
LogModuleManager: Display: Found up-to-date module file ../../../Engine/Plugins/Runtime/PhysXVehicles/Binaries/Win64/UE4Editor-PhysXVehicles.dll (API version 3709383).
LogModuleManager: Display: Found up-to-date module file ../../../Engine/Plugins/Runtime/PhysXVehicles/Binaries/Win64/UE4Editor-PhysXVehiclesEditor.dll (API version 3709383).
LogModuleManager: Display: Found up-to-date module file ../../../Engine/Plugins/Runtime/ProceduralMeshComponent/Binaries/Win64/UE4Editor-ProceduralMeshComponent.dll (API version 3709383).
LogModuleManager: Display: Found up-to-date module file ../../../Engine/Plugins/Runtime/ProceduralMeshComponent/Binaries/Win64/UE4Editor-ProceduralMeshComponentEditor.dll (API version 3709383).
LogModuleManager: Display: Found up-to-date module file ../../../Engine/Plugins/Runtime/RuntimePhysXCooking/Binaries/Win64/UE4Editor-RuntimePhysXCooking.dll (API version 3709383).
LogModuleManager: Display: Found up-to-date module file ../../../Engine/Plugins/Runtime/Steam/SteamVR/Binaries/Win64/UE4Editor-SteamVR.dll (API version 3709383).
LogModuleManager: Display: Found up-to-date module file ../../../Engine/Plugins/Runtime/Steam/SteamVR/Binaries/Win64/UE4Editor-SteamVRController.dll (API version 3709383).
LogModuleManager: Display: Found up-to-date module file ../../../Engine/Plugins/Runtime/WindowsMoviePlayer/Binaries/Win64/UE4Editor-WindowsMoviePlayer.dll (API version 3709383).
LogPluginManager: Mounting plugin Paper2D
LogPluginManager: Mounting plugin LightPropagationVolume
LogPluginManager: Mounting plugin CodeLiteSourceCodeAccess
LogPluginManager: Mounting plugin GitSourceControl
LogPluginManager: Mounting plugin KDevelopSourceCodeAccess
LogPluginManager: Mounting plugin NullSourceCodeAccess
LogPluginManager: Mounting plugin PerforceSourceControl
LogPluginManager: Mounting plugin SubversionSourceControl
LogPluginManager: Mounting plugin UObjectPlugin
LogPluginManager: Mounting plugin VisualStudioCodeSourceCodeAccess
LogPluginManager: Mounting plugin VisualStudioSourceCodeAccess
LogPluginManager: Mounting plugin XCodeSourceCodeAccess
LogPluginManager: Mounting plugin AssetManagerEditor
LogPluginManager: Mounting plugin AudioCapture
LogPluginManager: Mounting plugin FacialAnimation
LogPluginManager: Mounting plugin GameplayTagsEditor
LogPluginManager: Mounting plugin MobileLauncherProfileWizard
LogPluginManager: Mounting plugin PluginBrowser
LogPluginManager: Mounting plugin SpeedTreeImporter
LogPluginManager: Mounting plugin AlembicImporter
LogPluginManager: Mounting plugin CharacterAI
LogPluginManager: Mounting plugin HTML5Networking
LogPluginManager: Mounting plugin AndroidMedia
LogPluginManager: Mounting plugin AvfMedia
LogPluginManager: Mounting plugin ImgMedia
LogPluginManager: Mounting plugin MediaCompositing
LogPluginManager: Mounting plugin MediaPlayerEditor
LogPluginManager: Mounting plugin WmfMedia
LogPluginManager: Mounting plugin TcpMessaging
LogPluginManager: Mounting plugin UdpMessaging
LogPluginManager: Mounting plugin ActorSequence
LogPluginManager: Mounting plugin LevelSequenceEditor
LogPluginManager: Mounting plugin MatineeToLevelSequence
LogPluginManager: Mounting plugin OnlineSubsystemGooglePlay
LogPluginManager: Mounting plugin OnlineSubsystemIOS
LogPluginManager: Mounting plugin OnlineSubsystem
LogPluginManager: Mounting plugin OnlineSubsystemNull
LogPluginManager: Mounting plugin OnlineSubsystemUtils
LogPluginManager: Mounting plugin AndroidDeviceProfileSelector
LogPluginManager: Mounting plugin AndroidMoviePlayer
LogPluginManager: Mounting plugin AndroidPermission
LogPluginManager: Mounting plugin AppleARKit
LogPluginManager: Mounting plugin AppleMoviePlayer
LogPluginManager: Mounting plugin ArchVisCharacter
LogPluginManager: Mounting plugin CableComponent
LogPluginManager: Mounting plugin CustomMeshComponent
LogPluginManager: Mounting plugin ExampleDeviceProfileSelector
LogPluginManager: Mounting plugin GoogleCloudMessaging
LogPluginManager: Mounting plugin ImmediatePhysics
LogPluginManager: Mounting plugin IOSDeviceProfileSelector
LogPluginManager: Mounting plugin LinuxDeviceProfileSelector
LogPluginManager: Mounting plugin LocationServicesBPLibrary
LogPluginManager: Mounting plugin MobilePatchingUtils
LogPluginManager: Mounting plugin OculusVR
LogPluginManager: Plugin shader directory ../../../Engine/Plugins/Runtime/Oculus/OculusVR/Shaders found
LogPluginManager: Mapping shader source directory ../../../Engine/Plugins/Runtime/Oculus/OculusVR/Shaders to virtual directory /Plugin/OculusVR
LogPluginManager: Mounting plugin PhysXVehicles
LogPluginManager: Mounting plugin ProceduralMeshComponent
LogPluginManager: Mounting plugin RuntimePhysXCooking
LogPluginManager: Mounting plugin SteamVR
LogPluginManager: Mounting plugin WindowsMoviePlayer
LogInit: Using libcurl 7.47.1
LogInit:  - built for x86_64-pc-win32
LogInit:  - supports SSL with OpenSSL/1.0.2g
LogInit:  - supports HTTP deflate (compression) using libz 1.2.8
LogInit:  - other features:
LogInit:      CURL_VERSION_SSL
LogInit:      CURL_VERSION_LIBZ
LogInit:      CURL_VERSION_IPV6
LogInit:      CURL_VERSION_ASYNCHDNS
LogInit:      CURL_VERSION_LARGEFILE
LogInit:      CURL_VERSION_IDN
LogInit:  CurlRequestOptions (configurable via config and command line):
LogInit:  - bVerifyPeer = false  - Libcurl will NOT verify peer certificate
LogInit:  - bUseHttpProxy = false  - Libcurl will NOT use HTTP proxy
LogInit:  - bDontReuseConnections = false  - Libcurl will reuse connections
LogInit:  - CertBundlePath = nullptr  - Libcurl will use whatever was configured at build time.
LogInit: Build: ++UE4+Release-4.18-CL-3832480
LogInit: Engine Version: 4.18.3-3832480+++UE4+Release-4.18
LogInit: Compatible Engine Version: 4.18.0-3709383+++UE4+Release-4.18
LogInit: Net CL: 3709383
LogDevObjectVersion: Number of dev versions registered: 16
LogDevObjectVersion:   Dev-Blueprints (B0D832E4-1F89-4F0D-ACCF-7EB736FD4AA2): 10
LogDevObjectVersion:   Dev-Build (E1C64328-A22C-4D53-A36C-8E866417BD8C): 0
LogDevObjectVersion:   Dev-Core (375EC13C-06E4-48FB-B500-84F0262A717E): 2
LogDevObjectVersion:   Dev-Editor (E4B068ED-F494-42E9-A231-DA0B2E46BB41): 20
LogDevObjectVersion:   Dev-Framework (CFFC743F-43B0-4480-9391-14DF171D2073): 30
LogDevObjectVersion:   Dev-Mobile (B02B49B5-BB20-44E9-A304-32B752E40360): 0
LogDevObjectVersion:   Dev-Networking (A4E4105C-59A1-49B5-A7C5-40C4547EDFEE): 0
LogDevObjectVersion:   Dev-Online (39C831C9-5AE6-47DC-9A44-9C173E1C8E7C): 0
LogDevObjectVersion:   Dev-Physics (78F01B33-EBEA-4F98-B9B4-84EACCB95AA2): 0
LogDevObjectVersion:   Dev-Platform (6631380F-2D4D-43E0-8009-CF276956A95A): 0
LogDevObjectVersion:   Dev-Rendering (12F88B9F-8875-4AFC-A67C-D90C383ABD29): 20
LogDevObjectVersion:   Dev-Sequencer (7B5AE74C-D270-4C10-A958-57980B212A5A): 4
LogDevObjectVersion:   Dev-VR (D7296918-1DD6-4BDD-9DE2-64A83CC13884): 0
LogDevObjectVersion:   Dev-LoadTimes (C2A15278-BFE7-4AFE-6C17-90FF531DF755): 1
LogDevObjectVersion:   Private-Geometry (6EACA3D4-40EC-4CC1-B786-8BED09428FC5): 1
LogDevObjectVersion:   Dev-AnimPhys (29E575DD-E0A3-4627-9D10-D276232CDCEA): 12
LogInit: Compiled (64-bit): Jan 12 2018 02:04:55
LogInit: Compiled with Visual C++: 19.00.24215.01
LogInit: Build Configuration: Development
LogInit: Branch Name: ++UE4+Release-4.18
LogInit: Command line: -EpicPortal 
LogInit: Base directory: C:/Work/Unreal4/UE4/UE_4.18/Engine/Binaries/Win64/
LogInit: Installed Engine Build: 1
LogInit: Presizing for max 8388607 objects, including 0 objects not considered by GC, pre-allocating 0 bytes for permanent pool.
LogInit: Object subsystem initialized
[2018.02.07-18.06.26:599][  0]LogInit: Selected Device Profile: [Windows]
[2018.02.07-18.06.26:599][  0]LogInit: Applying CVar settings loaded from the selected device profile: [Windows]
[2018.02.07-18.06.26:693][  0]LogInit: Computer: DESKTOP-GN15RV5
[2018.02.07-18.06.26:693][  0]LogInit: User: dazha
[2018.02.07-18.06.26:693][  0]LogInit: CPU Page size=4096, Cores=4
[2018.02.07-18.06.26:693][  0]LogInit: High frequency timer resolution =2.835938 MHz
[2018.02.07-18.06.26:694][  0]LogMemory: Memory total: Physical=15.9GB (16GB approx)
[2018.02.07-18.06.26:694][  0]LogMemory: Platform Memory Stats for Windows
[2018.02.07-18.06.26:694][  0]LogMemory: Process Physical Memory: 275.80 MB used, 275.80 MB peak
[2018.02.07-18.06.26:694][  0]LogMemory: Process Virtual Memory: 269.77 MB used, 269.77 MB peak
[2018.02.07-18.06.26:694][  0]LogMemory: Physical Memory: 4971.29 MB used,  11285.65 MB free, 16256.94 MB total
[2018.02.07-18.06.26:694][  0]LogMemory: Virtual Memory: 682.25 MB used,  11285.65 MB free, 134217728.00 MB total
[2018.02.07-18.06.28:238][  0]LogInit: Using OS detected language (zh-CN).
[2018.02.07-18.06.28:239][  0]LogInit: Using OS detected locale (zh-CN).
[2018.02.07-18.06.28:557][  0]LogInit: Setting process to per monitor DPI aware
[2018.02.07-18.06.29:043][  0]LogD3D11RHI: D3D11 adapters:
[2018.02.07-18.06.29:172][  0]LogD3D11RHI:    0. 'NVIDIA GeForce GTX 1080' (Feature Level 11_0)
[2018.02.07-18.06.29:172][  0]LogD3D11RHI:       8086/0/8128 MB DedicatedVideo/DedicatedSystem/SharedSystem, Outputs:1, VendorId:0x10de
[2018.02.07-18.06.29:207][  0]LogD3D11RHI:    1. 'Intel(R) HD Graphics 630' (Feature Level 11_0)
[2018.02.07-18.06.29:207][  0]LogD3D11RHI:       128/0/8128 MB DedicatedVideo/DedicatedSystem/SharedSystem, Outputs:0, VendorId:0x8086
[2018.02.07-18.06.29:215][  0]LogD3D11RHI:    2. 'Microsoft Basic Render Driver' (Feature Level 11_0)
[2018.02.07-18.06.29:215][  0]LogD3D11RHI:       0/0/8128 MB DedicatedVideo/DedicatedSystem/SharedSystem, Outputs:0, VendorId:0x1414
[2018.02.07-18.06.29:215][  0]LogD3D11RHI: Chosen D3D11 Adapter: 0
[2018.02.07-18.06.29:240][  0]LogD3D11RHI: Creating new Direct3DDevice
[2018.02.07-18.06.29:240][  0]LogD3D11RHI:     GPU DeviceId: 0x1ba0 (for the marketing name, search the web for "GPU Device Id")
[2018.02.07-18.06.29:240][  0]LogWindows: EnumDisplayDevices:
[2018.02.07-18.06.29:240][  0]LogWindows:    0. 'Intel(R) HD Graphics 630' (P:1 D:1)
[2018.02.07-18.06.29:241][  0]LogWindows:    1. 'Intel(R) HD Graphics 630' (P:0 D:0)
[2018.02.07-18.06.29:242][  0]LogWindows:    2. 'Intel(R) HD Graphics 630' (P:0 D:0)
[2018.02.07-18.06.29:242][  0]LogWindows:    3. 'NVIDIA GeForce GTX 1080' (P:0 D:0)
[2018.02.07-18.06.29:243][  0]LogWindows:    4. 'NVIDIA GeForce GTX 1080' (P:0 D:0)
[2018.02.07-18.06.29:243][  0]LogWindows:    5. 'NVIDIA GeForce GTX 1080' (P:0 D:0)
[2018.02.07-18.06.29:244][  0]LogWindows:    6. 'NVIDIA GeForce GTX 1080' (P:0 D:0)
[2018.02.07-18.06.29:244][  0]LogWindows: DebugString: GetVideoDriverDetailsInvalid PrimaryIsNotTheChoosenAdapter GetVideoDriverDetailsInvalid PrimaryIsNotTheChoosenAdapter GetVideoDriverDetailsInvalid PrimaryIsNotTheChoosenAdapter GetVideoDriverDetailsInvalid PrimaryIsNotTheChoosenAdapter GetVideoDriverDetailsInvalid PrimaryIsNotTheChoosenAdapter GetVideoDriverDetailsInvalid PrimaryIsNotTheChoosenAdapter GetVideoDriverDetailsInvalid PrimaryIsNotTheChoosenAdapter FoundDriverCount:0 
[2018.02.07-18.06.29:244][  0]LogD3D11RHI:     Adapter Name: NVIDIA GeForce GTX 1080
[2018.02.07-18.06.29:244][  0]LogD3D11RHI:   Driver Version: Unknown (internal:Unknown, unified:Unknown)
[2018.02.07-18.06.29:244][  0]LogD3D11RHI:      Driver Date: Unknown
[2018.02.07-18.06.29:244][  0]LogRHI: Texture pool is 5660 MB (70% of 8086 MB)
[2018.02.07-18.06.29:305][  0]LogD3D11RHI: Async texture creation enabled
[2018.02.07-18.06.29:324][  0]LogD3D11RHI: GPU Timing Frequency: 1000.000000 (Debug: 2 1)
[2018.02.07-18.06.29:327][  0]LogShaderCompilers: Guid format shader working directory is 11 characters bigger than the processId version (D:/UnrealPrograms/FantasyEscape3RD/Intermediate/Shaders/WorkingDirectory/15000/).
[2018.02.07-18.06.29:327][  0]LogShaderCompilers: Cleaned the shader compiler working directory 'C:/Users/dazha/AppData/Local/Temp/UnrealShaderWorkingDir/F75499DF436A6C019C8636870B3B8859/'.
[2018.02.07-18.06.29:327][  0]LogShaderCompilers: Display: Using Local Shader Compiler.
[2018.02.07-18.06.30:309][  0]LogTemp: Display: Loaded TP AllDesktopTargetPlatform
[2018.02.07-18.06.30:360][  0]LogTemp: Display: Loaded TP MacClientTargetPlatform
[2018.02.07-18.06.30:418][  0]LogTemp: Display: Loaded TP MacNoEditorTargetPlatform
[2018.02.07-18.06.30:482][  0]LogTemp: Display: Loaded TP MacServerTargetPlatform
[2018.02.07-18.06.30:550][  0]LogTemp: Display: Loaded TP MacTargetPlatform
[2018.02.07-18.06.30:612][  0]LogTemp: Display: Loaded TP WindowsClientTargetPlatform
[2018.02.07-18.06.30:663][  0]LogTemp: Display: Loaded TP WindowsNoEditorTargetPlatform
[2018.02.07-18.06.30:724][  0]LogTemp: Display: Loaded TP WindowsServerTargetPlatform
[2018.02.07-18.06.30:770][  0]LogTemp: Display: Loaded TP WindowsTargetPlatform
[2018.02.07-18.06.30:825][  0]LogTemp: Display: Loaded TP Android_ASTCTargetPlatform
[2018.02.07-18.06.30:880][  0]LogTemp: Display: Loaded TP Android_ATCTargetPlatform
[2018.02.07-18.06.30:955][  0]LogTemp: Display: Loaded TP Android_DXTTargetPlatform
[2018.02.07-18.06.31:023][  0]LogTemp: Display: Loaded TP Android_ETC1TargetPlatform
[2018.02.07-18.06.31:072][  0]LogTemp: Display: Loaded TP Android_ETC2TargetPlatform
[2018.02.07-18.06.31:175][  0]LogTemp: Display: Loaded TP Android_MultiTargetPlatform
[2018.02.07-18.06.31:175][  0]LogTemp: Display: Loaded TP Android_PVRTCTargetPlatform
[2018.02.07-18.06.31:230][  0]LogTemp: Display: Loaded TP AndroidTargetPlatform
[2018.02.07-18.06.31:283][  0]LogTemp: Display: Loaded TP HTML5TargetPlatform
[2018.02.07-18.06.31:376][  0]LogTemp: Display: Loaded TP IOSTargetPlatform
[2018.02.07-18.06.31:410][  0]LogTemp: Display: Loaded TP TVOSTargetPlatform
[2018.02.07-18.06.31:480][  0]LogTemp: Display: Loaded TP LinuxClientTargetPlatform
[2018.02.07-18.06.31:531][  0]LogTemp: Display: Loaded TP LinuxNoEditorTargetPlatform
[2018.02.07-18.06.31:582][  0]LogTemp: Display: Loaded TP LinuxServerTargetPlatform
[2018.02.07-18.06.31:632][  0]LogTemp: Display: Loaded TP LinuxTargetPlatform
[2018.02.07-18.06.31:632][  0]LogTargetPlatformManager: Display: Building Assets For Windows
[2018.02.07-18.06.32:276][  0]LogDerivedDataCache: Display: Max Cache Size: 512 MB
[2018.02.07-18.06.32:343][  0]LogDerivedDataCache: Loaded boot cache 0.07s 78MB C:/Users/dazha/AppData/Local/UnrealEngine/4.18/DerivedDataCache/Boot.ddc.
[2018.02.07-18.06.32:343][  0]LogDerivedDataCache: Display: Loaded Boot cache: C:/Users/dazha/AppData/Local/UnrealEngine/4.18/DerivedDataCache/Boot.ddc
[2018.02.07-18.06.32:344][  0]LogDerivedDataCache: FDerivedDataBackendGraph:  Pak pak cache file D:/UnrealPrograms/FantasyEscape3RD/DerivedDataCache/DDC.ddp not found, will not use a pak cache.
[2018.02.07-18.06.32:344][  0]LogDerivedDataCache: Unable to find inner node Pak for hierarchical cache Hierarchy.
[2018.02.07-18.06.32:344][  0]LogDerivedDataCache: FDerivedDataBackendGraph:  CompressedPak pak cache file D:/UnrealPrograms/FantasyEscape3RD/DerivedDataCache/Compressed.ddp not found, will not use a pak cache.
[2018.02.07-18.06.32:344][  0]LogDerivedDataCache: Unable to find inner node CompressedPak for hierarchical cache Hierarchy.
[2018.02.07-18.06.32:359][  0]LogDerivedDataCache: Display: Pak cache opened for reading ../../../Engine/DerivedDataCache/Compressed.ddp.
[2018.02.07-18.06.32:371][  0]LogDerivedDataCache: Using Local data cache path C:/Users/dazha/AppData/Local/UnrealEngine/Common/DerivedDataCache: Writable
[2018.02.07-18.06.32:382][  0]LogMaterial: Verifying Global Shaders for PCD3D_SM5
[2018.02.07-18.06.32:382][  0]LogSlate: Using Freetype 2.6.0
[2018.02.07-18.06.32:383][  0]LogSlate: SlateFontCache - WITH_FREETYPE: 1, WITH_HARFBUZZ: 1
[2018.02.07-18.06.32:383][  0]LogSlate: SlateFontCache - WITH_FREETYPE: 1, WITH_HARFBUZZ: 1
[2018.02.07-18.06.32:824][  0]LogInit: Selected Device Profile: [Windows]
[2018.02.07-18.06.33:257][  0]LogSimplygon: Simplygon DLL not present - disabling.
[2018.02.07-18.06.33:318][  0]LogMeshReduction: Using SimplygonSwarm for distributed automatic mesh merging
[2018.02.07-18.06.33:319][  0]LogMeshReduction: Using QuadricMeshReduction for automatic static mesh reduction
[2018.02.07-18.06.33:319][  0]LogMeshReduction: No automatic skeletal mesh reduction module available
[2018.02.07-18.06.33:319][  0]LogMeshReduction: No automatic mesh merging module available
[2018.02.07-18.06.33:319][  0]LogMeshMerging: No automatic mesh merging module available
[2018.02.07-18.06.33:389][  0]LogNetVersion: FantasyEscape3RD , NetCL: 3709383, EngineNetVer: 2, GameNetVer: 0 (Checksum: 2726885104)
[2018.02.07-18.06.33:758][  0]LogAssetRegistry: FAssetRegistry took 0.0275 seconds to start up
[2018.02.07-18.06.34:656][  0]LogPackageLocalizationCache: Processed 7 localized package path(s) for 4 prioritized culture(s) in 0.171313 seconds
[2018.02.07-18.06.34:663][  0]LogUObjectArray: 35870 objects as part of root set at end of initial load.
[2018.02.07-18.06.34:664][  0]LogUObjectAllocator: 7363704 out of 0 bytes used by permanent object pool.
[2018.02.07-18.06.34:664][  0]LogUObjectArray: CloseDisregardForGC: 0/0 objects in disregard for GC pool
[2018.02.07-18.06.34:746][  0]LogInit: WinSock: version 1.1 (2.2), MaxSocks=32767, MaxUdp=65467
[2018.02.07-18.06.38:412][  0]LogTcpMessaging: Initializing TcpMessaging bridge
[2018.02.07-18.06.38:514][  0]LogUdpMessaging: Initializing bridge on interface 0.0.0.0:0 to multicast group 230.0.0.1:6666.
[2018.02.07-18.06.39:802][  0]LogMaterial: Uniform references updated for custom material expression Custom.
[2018.02.07-18.06.40:662][  0]SourceControl: 源码控制已禁用
[2018.02.07-18.06.40:662][  0]SourceControl: 源码控制已禁用
[2018.02.07-18.06.40:838][  0]SourceControl: 源码控制已禁用
[2018.02.07-18.06.40:924][  0]SourceControl: 源码控制已禁用
[2018.02.07-18.06.41:743][  0]LogAndroidPermission: UAndroidPermissionCallbackProxy::GetInstance
[2018.02.07-18.06.42:017][  0]LogOcInput: OculusInput pre-init called
[2018.02.07-18.06.42:436][  0]LogEngine: Initializing Engine...
[2018.02.07-18.06.42:439][  0]LogHMD: Failed to initialize OpenVR with code 110
[2018.02.07-18.06.42:979][  0]LogStats: UGameplayTagsManager::ConstructGameplayTagTree: Construct from data asset -  0.000 s
[2018.02.07-18.06.42:979][  0]LogStats: UGameplayTagsManager::ConstructGameplayTagTree: GameplayTagTreeChangedEvent.Broadcast -  0.000 s
[2018.02.07-18.06.43:177][  0]LogAIModule: Creating AISystem for world Untitled
[2018.02.07-18.06.43:201][  0]LogInit: XAudio2 using 'Speakers / Headphones (Realtek Audio)' : 6 channels at 48 kHz using 32 bits per sample (channel mask 0x3f)
[2018.02.07-18.06.44:439][  0]LogInit: FAudioDevice initialized.
[2018.02.07-18.06.44:545][  0]LogDerivedDataCache: Saved boot cache 0.10s 78MB C:/Users/dazha/AppData/Local/UnrealEngine/4.18/DerivedDataCache/Boot.ddc.
[2018.02.07-18.06.44:556][  0]LogInit: Texture streaming: Enabled
[2018.02.07-18.06.44:653][  0]LogEngineSessionManager: EngineSessionManager initialized
[2018.02.07-18.06.44:781][  0]LogInit: Transaction tracking system initialized
[2018.02.07-18.06.45:083][  0]BlueprintLog: New page: 编辑器加载
[2018.02.07-18.06.46:036][  0]LocalizationService: 本地化服务已被禁用
[2018.02.07-18.06.47:114][  0]LogConsoleResponse: Display: 
[2018.02.07-18.06.47:469][  0]LogCook: Display: Max memory allowance for cook 16384mb min free memory 0mb
[2018.02.07-18.06.47:469][  0]LogCook: Display: Mobile HDR setting 1
[2018.02.07-18.06.47:469][  0]LogGameplayTags: Display: UGameplayTagsManager::DoneAddingNativeTags. DelegateIsBound: 0
[2018.02.07-18.06.48:265][  0]LogFileCache: Scanning file cache for directory 'D:/UnrealPrograms/FantasyEscape3RD/Content/' took 0.02s
[2018.02.07-18.06.49:094][  0]SourceControl: 源码控制已禁用
[2018.02.07-18.06.49:094][  0]Cmd: MAP LOAD FILE="D:/UnrealPrograms/FantasyEscape3RD/Content/ThirdPersonBP/Maps/ThirdPersonExampleMap.umap" TEMPLATE=0 SHOWPROGRESS=1 FEATURELEVEL=3
[2018.02.07-18.06.49:190][  0]LightingResults: New page: 光照构建
[2018.02.07-18.06.49:333][  0]MapCheck: New page: 地图检测
[2018.02.07-18.06.49:333][  0]LightingResults: New page: 光照构建
[2018.02.07-18.06.52:407][  0]LogAIModule: Creating AISystem for world ThirdPersonExampleMap
[2018.02.07-18.06.52:461][  0]LogEditorServer: Finished looking for orphan Actors (0.000 secs)
[2018.02.07-18.06.52:499][  0]Cmd: MAP CHECKDEP NOCLEARLOG
[2018.02.07-18.06.52:619][  0]MapCheck: 地图检测完成：0个错误，0 个警告，用时119.961毫秒完成。
[2018.02.07-18.06.52:619][  0]LogFileHelpers: Loading map 'ThirdPersonExampleMap' took 3.525
[2018.02.07-18.06.52:801][  0]LogWindowsTextInputMethodSystem: Display: IME system now activated using TSF (微软拼音).
[2018.02.07-18.06.53:168][  0]LogCollectionManager: Loaded 0 collections in 0.002924 seconds
[2018.02.07-18.06.53:290][  0]LogFileCache: Scanning file cache for directory 'D:/UnrealPrograms/FantasyEscape3RD/Saved/Collections/' took 0.01s
[2018.02.07-18.06.53:290][  0]LogFileCache: Scanning file cache for directory 'D:/UnrealPrograms/FantasyEscape3RD/Content/Developers/dazha/Collections/' took 0.01s
[2018.02.07-18.06.53:290][  0]LogFileCache: Scanning file cache for directory 'D:/UnrealPrograms/FantasyEscape3RD/Content/Collections/' took 0.01s
[2018.02.07-18.06.53:290][  0]LogCollectionManager: Rebuilt the GUID cache for 0 collections in 0.000000 seconds
[2018.02.07-18.06.53:304][  0]LogContentBrowser: Native class hierarchy populated in 0.0125 seconds. Added 2363 classes and 519 folders.
[2018.02.07-18.06.53:430][  0]LogContentBrowser: Native class hierarchy updated for 'WidgetCarousel' in 0.0004 seconds. Added 0 classes and 0 folders.
[2018.02.07-18.06.54:655][  0]LogContentBrowser: Native class hierarchy updated for 'AddContentDialog' in 0.0008 seconds. Added 0 classes and 0 folders.
[2018.02.07-18.06.54:854][  0]LogContentBrowser: Native class hierarchy updated for 'SceneOutliner' in 0.0010 seconds. Added 1 classes and 2 folders.
[2018.02.07-18.06.55:142][  0]LogSlate: Took 0.000397 seconds to synchronously load lazily loaded font '../../../Engine/Content/Slate/Fonts/Roboto-Regular.ttf' (155K)
[2018.02.07-18.06.55:153][  0]LogSlate: Took 0.006741 seconds to synchronously load lazily loaded font '../../../Engine/Content/Slate/Fonts/DroidSansFallback.ttf' (3848K)
[2018.02.07-18.06.55:155][  0]LogSlate: Took 0.000377 seconds to synchronously load lazily loaded font '../../../Engine/Content/Slate/Fonts/Roboto-Bold.ttf' (160K)
[2018.02.07-18.06.55:167][  0]LogSlate: Took 0.004943 seconds to synchronously load lazily loaded font '../../../Engine/Content/Editor/Slate/Fonts/FontAwesome.ttf' (139K)
[2018.02.07-18.06.55:318][  0]LogRenderer: Reallocating scene render targets to support 868x424 Format 10 NumSamples 1 (Frame:1).
[2018.02.07-18.06.55:492][  0]LogContentBrowser: Native class hierarchy updated for 'HierarchicalLODOutliner' in 0.0002 seconds. Added 1 classes and 2 folders.
[2018.02.07-18.06.55:492][  0]LogLoad: (Engine Initialization) Total time: 33.20 seconds
[2018.02.07-18.06.55:492][  0]LogLoad: (Engine Initialization) Total Blueprint compile time: 0.00 seconds
[2018.02.07-18.06.55:492][  0]LogExternalProfiler: No external profilers were discovered.  External profiling features will not be available.
[2018.02.07-18.06.55:541][  0]LogContentStreaming: Texture pool size now 1000 MB
[2018.02.07-18.06.56:118][  2]LogAssetRegistry: Asset discovery search completed in 22.3830 seconds
[2018.02.07-18.06.56:123][  2]LogCollectionManager: Rebuilt the object cache for 0 collections in 0.000000 seconds (found 0 objects)
[2018.02.07-18.06.56:123][  2]LogCollectionManager: Fixed up redirectors for 0 collections in 0.000103 seconds (updated 0 objects)
[2018.02.07-18.07.03:401][281]LogSlate: Took 0.005855 seconds to synchronously load lazily loaded font '../../../Engine/Content/Slate/Fonts/Roboto-Light.ttf' (159K)
[2018.02.07-18.07.04:260][281]LogSlate: Took 0.000716 seconds to synchronously load lazily loaded font '../../../Engine/Content/Slate/Fonts/Roboto-Regular.ttf' (155K)
[2018.02.07-18.07.12:170][281]LogAIModule: Creating AISystem for world Chapter1
[2018.02.07-18.07.12:309][281]Cmd: MAP LOAD FILE="D:/UnrealPrograms/FantasyEscape3RD/Content/Maps/Chapter1.umap" TEMPLATE=0 SHOWPROGRESS=1 FEATURELEVEL=3
[2018.02.07-18.07.12:309][281]LightingResults: New page: 光照构建
[2018.02.07-18.07.12:310][281]LoadErrors: New page: 正在加载地图： Chapter1.umap
[2018.02.07-18.07.12:311][281]MapCheck: New page: 地图检测
[2018.02.07-18.07.12:311][281]LightingResults: New page: 光照构建
[2018.02.07-18.07.36:875][281]LogEditorServer: Finished looking for orphan Actors (0.000 secs)
[2018.02.07-18.07.36:974][281]Cmd: MAP CHECKDEP NOCLEARLOG
[2018.02.07-18.07.37:084][281]MapCheck: 地图检测完成：0个错误，0 个警告，用时109.469毫秒完成。
[2018.02.07-18.07.37:085][281]LogFileHelpers: Loading map 'Chapter1' took 24.777
[2018.02.07-18.08.26:461][170]LogTemp: Repeating last play command: 选中的视口
[2018.02.07-18.08.26:968][170]LogPlayLevel: PlayLevel: No blueprints needed recompiling
[2018.02.07-18.08.26:971][170]PIE: New page: PIE会话: Chapter1 (2018年2月7日 上午2:08:26)
[2018.02.07-18.08.26:972][170]LogPlayLevel: Creating play world package: /Game/Maps/UEDPIE_0_Chapter1
[2018.02.07-18.08.28:214][170]LogPlayLevel: PIE: StaticDuplicateObject took: (1.241939s)
[2018.02.07-18.08.28:215][170]LogAIModule: Creating AISystem for world Chapter1
[2018.02.07-18.08.28:215][170]LogPlayLevel: PIE: World Init took: (0.001243s)
[2018.02.07-18.08.28:215][170]LogPlayLevel: PIE: Created PIE world by copying editor world from /Game/Maps/Chapter1.Chapter1 to /Game/Maps/UEDPIE_0_Chapter1.Chapter1 (1.243686s)
[2018.02.07-18.08.28:251][170]LogInit: XAudio2 using 'Speakers / Headphones (Realtek Audio)' : 6 channels at 48 kHz using 32 bits per sample (channel mask 0x3f)
[2018.02.07-18.08.28:378][170]LogInit: FAudioDevice initialized.
[2018.02.07-18.08.28:471][170]LogLoad: Game class is 'ThirdPersonGameMode_C'
[2018.02.07-18.08.28:705][170]LogWorld: Bringing World /Game/Maps/UEDPIE_0_Chapter1.Chapter1 up for play (max tick rate 60) at 2018.02.07-10.08.28
[2018.02.07-18.08.28:739][170]LogWorld: Bringing up level for play took: 0.252240
[2018.02.07-18.08.28:936][170]LogContentBrowser: Native class hierarchy updated for 'MovieSceneCapture' in 0.0011 seconds. Added 11 classes and 0 folders.
[2018.02.07-18.08.28:951][170]PIE: /Game/Maps/UEDPIE_0_Chapter1的‘在编辑器中播放’的起始时间2.685
[2018.02.07-18.09.22:955][752]LogWindows: Windows GetLastError: 操作成功完成。 (0)
[2018.02.07-18.09.27:271][752]LogWindows: Error: === Critical error: ===
[2018.02.07-18.09.27:271][752]LogWindows: Error: 
[2018.02.07-18.09.27:271][752]LogWindows: Error: Assertion failed: SampleCount > 0 [File:D:\Build\++UE4+Release-4.18+Compile\Sync\Engine\Source\Runtime\Engine\Private\UserInterface\PlayerInput.cpp] [Line: 1354] 
[2018.02.07-18.09.27:271][752]LogWindows: Error: 
[2018.02.07-18.09.27:271][752]LogWindows: Error: 
[2018.02.07-18.09.27:271][752]LogWindows: Error: 
[2018.02.07-18.09.27:272][752]LogWindows: Error: [Callstack] 0x00000000B3D43FB8 KERNELBASE.dll!UnknownFunction []
[2018.02.07-18.09.27:272][752]LogWindows: Error: [Callstack] 0x0000000094FB76D4 UE4Editor-ApplicationCore.dll!UnknownFunction []
[2018.02.07-18.09.27:272][752]LogWindows: Error: [Callstack] 0x000000006A2F330B UE4Editor-Core.dll!UnknownFunction []
[2018.02.07-18.09.27:272][752]LogWindows: Error: [Callstack] 0x000000006A2847F9 UE4Editor-Core.dll!UnknownFunction []
[2018.02.07-18.09.27:272][752]LogWindows: Error: [Callstack] 0x00000000650731F3 UE4Editor-Engine.dll!UnknownFunction []
[2018.02.07-18.09.27:272][752]LogWindows: Error: [Callstack] 0x00000000650541DD UE4Editor-Engine.dll!UnknownFunction []
[2018.02.07-18.09.27:272][752]LogWindows: Error: [Callstack] 0x000000006505E933 UE4Editor-Engine.dll!UnknownFunction []
[2018.02.07-18.09.27:272][752]LogWindows: Error: [Callstack] 0x0000000064BD327C UE4Editor-Engine.dll!UnknownFunction []
[2018.02.07-18.09.27:272][752]LogWindows: Error: [Callstack] 0x0000000064BE6F66 UE4Editor-Engine.dll!UnknownFunction []
[2018.02.07-18.09.27:272][752]LogWindows: Error: [Callstack] 0x0000000064BD0DDB UE4Editor-Engine.dll!UnknownFunction []
[2018.02.07-18.09.27:272][752]LogWindows: Error: [Callstack] 0x0000000064BE613A UE4Editor-Engine.dll!UnknownFunction []
[2018.02.07-18.09.27:272][752]LogWindows: Error: [Callstack] 0x0000000063EB58B6 UE4Editor-Engine.dll!UnknownFunction []
[2018.02.07-18.09.27:272][752]LogWindows: Error: [Callstack] 0x0000000064F09BDB UE4Editor-Engine.dll!UnknownFunction []
[2018.02.07-18.09.27:272][752]LogWindows: Error: [Callstack] 0x0000000064F0DD0B UE4Editor-Engine.dll!UnknownFunction []
[2018.02.07-18.09.27:272][752]LogWindows: Error: [Callstack] 0x000000006A154845 UE4Editor-Core.dll!UnknownFunction []
[2018.02.07-18.09.27:272][752]LogWindows: Error: [Callstack] 0x000000006A154E2A UE4Editor-Core.dll!UnknownFunction []
[2018.02.07-18.09.27:272][752]LogWindows: Error: [Callstack] 0x000000006A17589E UE4Editor-Core.dll!UnknownFunction []
[2018.02.07-18.09.27:272][752]LogWindows: Error: [Callstack] 0x0000000064F27E11 UE4Editor-Engine.dll!UnknownFunction []
[2018.02.07-18.09.27:272][752]LogWindows: Error: [Callstack] 0x0000000064F2C632 UE4Editor-Engine.dll!UnknownFunction []
[2018.02.07-18.09.27:273][752]LogWindows: Error: [Callstack] 0x000000006481D104 UE4Editor-Engine.dll!UnknownFunction []
[2018.02.07-18.09.27:273][752]LogWindows: Error: [Callstack] 0x0000000064826448 UE4Editor-Engine.dll!UnknownFunction []
[2018.02.07-18.09.27:273][752]LogWindows: Error: [Callstack] 0x0000000062A06BA6 UE4Editor-UnrealEd.dll!UnknownFunction []
[2018.02.07-18.09.27:273][752]LogWindows: Error: [Callstack] 0x00000000632B4AC6 UE4Editor-UnrealEd.dll!UnknownFunction []
[2018.02.07-18.09.27:273][752]LogWindows: Error: [Callstack] 0x0000000037135A26 UE4Editor.exe!UnknownFunction []
[2018.02.07-18.09.27:273][752]LogWindows: Error: [Callstack] 0x0000000037145430 UE4Editor.exe!UnknownFunction []
[2018.02.07-18.09.27:273][752]LogWindows: Error: [Callstack] 0x00000000371454AA UE4Editor.exe!UnknownFunction []
[2018.02.07-18.09.27:273][752]LogWindows: Error: [Callstack] 0x0000000037152379 UE4Editor.exe!UnknownFunction []
[2018.02.07-18.09.27:273][752]LogWindows: Error: [Callstack] 0x0000000037153D57 UE4Editor.exe!UnknownFunction []
[2018.02.07-18.09.27:273][752]LogWindows: Error: [Callstack] 0x00000000B42D1FE4 KERNEL32.DLL!UnknownFunction []
[2018.02.07-18.09.27:273][752]LogWindows: Error: [Callstack] 0x00000000B6B3EFB1 ntdll.dll!UnknownFunction []
[2018.02.07-18.09.27:273][752]LogWindows: Error: [Callstack] 0x00000000B6B3EFB1 ntdll.dll!UnknownFunction []
[2018.02.07-18.09.27:273][752]LogWindows: Error: 
[2018.02.07-18.09.27:299][752]LogExit: Executing StaticShutdownAfterError
[2018.02.07-18.09.27:403][752]LogWindows: FPlatformMisc::RequestExit(1)
[2018.02.07-18.09.27:403][752]Log file closed, 02/07/18 10:09:27
