Log file open, 02/07/18 10:10:12
LogWindows: Failed to load 'aqProf.dll' (GetLastError=126)
LogWindows: File 'aqProf.dll' does not exist
LogWindows: Failed to load 'VSPerf140.dll' (GetLastError=126)
LogWindows: File 'VSPerf140.dll' does not exist
LogWindows: Failed to load 'VtuneApi.dll' (GetLastError=126)
LogWindows: File 'VtuneApi.dll' does not exist
LogWindows: Failed to load 'VtuneApi32e.dll' (GetLastError=126)
LogWindows: File 'VtuneApi32e.dll' does not exist
LogInit: Display: Running engine for game: FantasyEscape3RD
LogPlatformFile: Not using cached read wrapper
LogInit: Display: RandInit(-2138568360) SRandInit(-2138568360).
LogInit: Read version file with build ID '3709383'
LogInit: Overriding engine version to CL 3832480, compatible CL 3709383
LogInit: Registered custom module enumerator with build ID '3709383'
LogTaskGraph: Started task graph with 5 named threads and 14 total threads with 3 sets of task threads.
LogStats: Stats thread started at 0.199826
LogD3D11RHI: Aftermath initialized
LogModuleManager: Display: Found up-to-date module file ../../../Engine/Plugins/2D/Paper2D/Binaries/Win64/UE4Editor-Paper2D.dll (API version 3709383).
LogModuleManager: Display: Found up-to-date module file ../../../Engine/Plugins/2D/Paper2D/Binaries/Win64/UE4Editor-Paper2DEditor.dll (API version 3709383).
LogModuleManager: Display: Found up-to-date module file ../../../Engine/Plugins/2D/Paper2D/Binaries/Win64/UE4Editor-PaperSpriteSheetImporter.dll (API version 3709383).
LogModuleManager: Display: Found up-to-date module file ../../../Engine/Plugins/2D/Paper2D/Binaries/Win64/UE4Editor-PaperTiledImporter.dll (API version 3709383).
LogModuleManager: Display: Found up-to-date module file ../../../Engine/Plugins/2D/Paper2D/Binaries/Win64/UE4Editor-SmartSnapping.dll (API version 3709383).
LogModuleManager: Display: Found up-to-date module file ../../../Engine/Plugins/Blendables/LightPropagationVolume/Binaries/Win64/UE4Editor-LightPropagationVolumeRuntime.dll (API version 3709383).
LogModuleManager: Display: Found up-to-date module file ../../../Engine/Plugins/Blendables/LightPropagationVolume/Binaries/Win64/UE4Editor-LightPropagationVolumeEditor.dll (API version 3709383).
LogModuleManager: Display: Found up-to-date module file ../../../Engine/Plugins/Developer/GitSourceControl/Binaries/Win64/UE4Editor-GitSourceControl.dll (API version 3709383).
LogModuleManager: Display: Found up-to-date module file ../../../Engine/Plugins/Developer/PerforceSourceControl/Binaries/Win64/UE4Editor-PerforceSourceControl.dll (API version 3709383).
LogModuleManager: Display: Found up-to-date module file ../../../Engine/Plugins/Developer/SubversionSourceControl/Binaries/Win64/UE4Editor-SubversionSourceControl.dll (API version 3709383).
LogModuleManager: Display: Found up-to-date module file ../../../Engine/Plugins/Developer/UObjectPlugin/Binaries/Win64/UE4Editor-UObjectPlugin.dll (API version 3709383).
LogModuleManager: Display: Found up-to-date module file ../../../Engine/Plugins/Developer/VisualStudioCodeSourceCodeAccess/Binaries/Win64/UE4Editor-VisualStudioCodeSourceCodeAccess.dll (API version 3709383).
LogModuleManager: Display: Found up-to-date module file ../../../Engine/Plugins/Developer/VisualStudioSourceCodeAccess/Binaries/Win64/UE4Editor-VisualStudioSourceCodeAccess.dll (API version 3709383).
LogModuleManager: Display: Found up-to-date module file ../../../Engine/Plugins/Editor/AssetManagerEditor/Binaries/Win64/UE4Editor-AssetManagerEditor.dll (API version 3709383).
LogModuleManager: Display: Found up-to-date module file ../../../Engine/Plugins/Editor/AudioCapture/Binaries/Win64/UE4Editor-AudioCapture.dll (API version 3709383).
LogModuleManager: Display: Found up-to-date module file ../../../Engine/Plugins/Editor/FacialAnimation/Binaries/Win64/UE4Editor-FacialAnimation.dll (API version 3709383).
LogModuleManager: Display: Found up-to-date module file ../../../Engine/Plugins/Editor/FacialAnimation/Binaries/Win64/UE4Editor-FacialAnimationEditor.dll (API version 3709383).
LogModuleManager: Display: Found up-to-date module file ../../../Engine/Plugins/Editor/GameplayTagsEditor/Binaries/Win64/UE4Editor-GameplayTagsEditor.dll (API version 3709383).
LogModuleManager: Display: Found up-to-date module file ../../../Engine/Plugins/Editor/MobileLauncherProfileWizard/Binaries/Win64/UE4Editor-MobileLauncherProfileWizard.dll (API version 3709383).
LogModuleManager: Display: Found up-to-date module file ../../../Engine/Plugins/Editor/PluginBrowser/Binaries/Win64/UE4Editor-PluginBrowser.dll (API version 3709383).
LogModuleManager: Display: Found up-to-date module file ../../../Engine/Plugins/Editor/SpeedTreeImporter/Binaries/Win64/UE4Editor-SpeedTreeImporter.dll (API version 3709383).
LogModuleManager: Display: Found up-to-date module file ../../../Engine/Plugins/Experimental/AlembicImporter/Binaries/Win64/UE4Editor-AlembicImporter.dll (API version 3709383).
LogModuleManager: Display: Found up-to-date module file ../../../Engine/Plugins/Experimental/AlembicImporter/Binaries/Win64/UE4Editor-AlembicLibrary.dll (API version 3709383).
LogModuleManager: Display: Found up-to-date module file ../../../Engine/Plugins/Experimental/CharacterAI/Binaries/Win64/UE4Editor-CharacterAI.dll (API version 3709383).
LogModuleManager: Display: Found up-to-date module file ../../../Engine/Plugins/Experimental/HTML5Networking/Binaries/Win64/UE4Editor-HTML5Networking.dll (API version 3709383).
LogModuleManager: Display: Found up-to-date module file ../../../Engine/Plugins/Media/AndroidMedia/Binaries/Win64/UE4Editor-AndroidMediaEditor.dll (API version 3709383).
LogModuleManager: Display: Found up-to-date module file ../../../Engine/Plugins/Media/AndroidMedia/Binaries/Win64/UE4Editor-AndroidMediaFactory.dll (API version 3709383).
LogModuleManager: Display: Found up-to-date module file ../../../Engine/Plugins/Media/AvfMedia/Binaries/Win64/UE4Editor-AvfMediaEditor.dll (API version 3709383).
LogModuleManager: Display: Found up-to-date module file ../../../Engine/Plugins/Media/AvfMedia/Binaries/Win64/UE4Editor-AvfMediaFactory.dll (API version 3709383).
LogModuleManager: Display: Found up-to-date module file ../../../Engine/Plugins/Media/AvfMedia/Binaries/Win64/UE4Editor-AvfMediaFactory.dll (API version 3709383).
LogModuleManager: Display: Found up-to-date module file ../../../Engine/Plugins/Media/ImgMedia/Binaries/Win64/UE4Editor-ImgMedia.dll (API version 3709383).
LogModuleManager: Display: Found up-to-date module file ../../../Engine/Plugins/Media/ImgMedia/Binaries/Win64/UE4Editor-ImgMediaEditor.dll (API version 3709383).
LogModuleManager: Display: Found up-to-date module file ../../../Engine/Plugins/Media/ImgMedia/Binaries/Win64/UE4Editor-ImgMediaFactory.dll (API version 3709383).
LogModuleManager: Display: Found up-to-date module file ../../../Engine/Plugins/Media/ImgMedia/Binaries/Win64/UE4Editor-ImgMediaFactory.dll (API version 3709383).
LogModuleManager: Display: Found up-to-date module file ../../../Engine/Plugins/Media/ImgMedia/Binaries/Win64/UE4Editor-OpenExrWrapper.dll (API version 3709383).
LogModuleManager: Display: Found up-to-date module file ../../../Engine/Plugins/Media/MediaCompositing/Binaries/Win64/UE4Editor-MediaCompositing.dll (API version 3709383).
LogModuleManager: Display: Found up-to-date module file ../../../Engine/Plugins/Media/MediaCompositing/Binaries/Win64/UE4Editor-MediaCompositingEditor.dll (API version 3709383).
LogModuleManager: Display: Found up-to-date module file ../../../Engine/Plugins/Media/MediaPlayerEditor/Binaries/Win64/UE4Editor-MediaPlayerEditor.dll (API version 3709383).
LogModuleManager: Display: Found up-to-date module file ../../../Engine/Plugins/Media/WmfMedia/Binaries/Win64/UE4Editor-WmfMedia.dll (API version 3709383).
LogModuleManager: Display: Found up-to-date module file ../../../Engine/Plugins/Media/WmfMedia/Binaries/Win64/UE4Editor-WmfMediaEditor.dll (API version 3709383).
LogModuleManager: Display: Found up-to-date module file ../../../Engine/Plugins/Media/WmfMedia/Binaries/Win64/UE4Editor-WmfMediaFactory.dll (API version 3709383).
LogModuleManager: Display: Found up-to-date module file ../../../Engine/Plugins/Media/WmfMedia/Binaries/Win64/UE4Editor-WmfMediaFactory.dll (API version 3709383).
LogModuleManager: Display: Found up-to-date module file ../../../Engine/Plugins/Messaging/TcpMessaging/Binaries/Win64/UE4Editor-TcpMessaging.dll (API version 3709383).
LogModuleManager: Display: Found up-to-date module file ../../../Engine/Plugins/Messaging/UdpMessaging/Binaries/Win64/UE4Editor-UdpMessaging.dll (API version 3709383).
LogModuleManager: Display: Found up-to-date module file ../../../Engine/Plugins/MovieScene/ActorSequence/Binaries/Win64/UE4Editor-ActorSequence.dll (API version 3709383).
LogModuleManager: Display: Found up-to-date module file ../../../Engine/Plugins/MovieScene/LevelSequenceEditor/Binaries/Win64/UE4Editor-LevelSequenceEditor.dll (API version 3709383).
LogModuleManager: Display: Found up-to-date module file ../../../Engine/Plugins/MovieScene/MatineeToLevelSequence/Binaries/Win64/UE4Editor-MatineeToLevelSequence.dll (API version 3709383).
LogModuleManager: Display: Found up-to-date module file ../../../Engine/Plugins/Online/OnlineSubsystem/Binaries/Win64/UE4Editor-OnlineSubsystem.dll (API version 3709383).
LogModuleManager: Display: Found up-to-date module file ../../../Engine/Plugins/Runtime/AndroidPermission/Binaries/Win64/UE4Editor-AndroidPermission.dll (API version 3709383).
LogModuleManager: Display: Found up-to-date module file ../../../Engine/Plugins/Online/OnlineSubsystemNull/Binaries/Win64/UE4Editor-OnlineSubsystemNull.dll (API version 3709383).
LogModuleManager: Display: Found up-to-date module file ../../../Engine/Plugins/Online/OnlineSubsystemUtils/Binaries/Win64/UE4Editor-OnlineSubsystemUtils.dll (API version 3709383).
LogModuleManager: Display: Found up-to-date module file ../../../Engine/Plugins/Online/OnlineSubsystemUtils/Binaries/Win64/UE4Editor-OnlineBlueprintSupport.dll (API version 3709383).
LogModuleManager: Display: Found up-to-date module file ../../../Engine/Plugins/Runtime/AndroidDeviceProfileSelector/Binaries/Win64/UE4Editor-AndroidDeviceProfileSelector.dll (API version 3709383).
LogModuleManager: Display: Found up-to-date module file ../../../Engine/Plugins/Runtime/AppleARKit/Binaries/Win64/UE4Editor-AppleARKit.dll (API version 3709383).
LogModuleManager: Display: Found up-to-date module file ../../../Engine/Plugins/Runtime/ArchVisCharacter/Binaries/Win64/UE4Editor-ArchVisCharacter.dll (API version 3709383).
LogModuleManager: Display: Found up-to-date module file ../../../Engine/Plugins/Runtime/CableComponent/Binaries/Win64/UE4Editor-CableComponent.dll (API version 3709383).
LogModuleManager: Display: Found up-to-date module file ../../../Engine/Plugins/Runtime/CustomMeshComponent/Binaries/Win64/UE4Editor-CustomMeshComponent.dll (API version 3709383).
LogModuleManager: Display: Found up-to-date module file ../../../Engine/Plugins/Runtime/ExampleDeviceProfileSelector/Binaries/Win64/UE4Editor-ExampleDeviceProfileSelector.dll (API version 3709383).
LogModuleManager: Display: Found up-to-date module file ../../../Engine/Plugins/Runtime/ImmediatePhysics/Binaries/Win64/UE4Editor-ImmediatePhysics.dll (API version 3709383).
LogModuleManager: Display: Found up-to-date module file ../../../Engine/Plugins/Runtime/ImmediatePhysics/Binaries/Win64/UE4Editor-ImmediatePhysicsEditor.dll (API version 3709383).
LogModuleManager: Display: Found up-to-date module file ../../../Engine/Plugins/Runtime/LocationServicesBPLibrary/Binaries/Win64/UE4Editor-LocationServicesBPLibrary.dll (API version 3709383).
LogModuleManager: Display: Found up-to-date module file ../../../Engine/Plugins/Runtime/MobilePatchingUtils/Binaries/Win64/UE4Editor-MobilePatchingUtils.dll (API version 3709383).
LogModuleManager: Display: Found up-to-date module file ../../../Engine/Plugins/Runtime/Oculus/OculusVR/Binaries/Win64/UE4Editor-OculusHMD.dll (API version 3709383).
LogModuleManager: Display: Found up-to-date module file ../../../Engine/Plugins/Runtime/Oculus/OculusVR/Binaries/Win64/UE4Editor-OculusInput.dll (API version 3709383).
LogModuleManager: Display: Found up-to-date module file ../../../Engine/Plugins/Runtime/Oculus/OculusVR/Binaries/Win64/UE4Editor-OculusEditor.dll (API version 3709383).
LogModuleManager: Display: Found up-to-date module file ../../../Engine/Plugins/Runtime/PhysXVehicles/Binaries/Win64/UE4Editor-PhysXVehicles.dll (API version 3709383).
LogModuleManager: Display: Found up-to-date module file ../../../Engine/Plugins/Runtime/PhysXVehicles/Binaries/Win64/UE4Editor-PhysXVehiclesEditor.dll (API version 3709383).
LogModuleManager: Display: Found up-to-date module file ../../../Engine/Plugins/Runtime/ProceduralMeshComponent/Binaries/Win64/UE4Editor-ProceduralMeshComponent.dll (API version 3709383).
LogModuleManager: Display: Found up-to-date module file ../../../Engine/Plugins/Runtime/ProceduralMeshComponent/Binaries/Win64/UE4Editor-ProceduralMeshComponentEditor.dll (API version 3709383).
LogModuleManager: Display: Found up-to-date module file ../../../Engine/Plugins/Runtime/RuntimePhysXCooking/Binaries/Win64/UE4Editor-RuntimePhysXCooking.dll (API version 3709383).
LogModuleManager: Display: Found up-to-date module file ../../../Engine/Plugins/Runtime/Steam/SteamVR/Binaries/Win64/UE4Editor-SteamVR.dll (API version 3709383).
LogModuleManager: Display: Found up-to-date module file ../../../Engine/Plugins/Runtime/Steam/SteamVR/Binaries/Win64/UE4Editor-SteamVRController.dll (API version 3709383).
LogModuleManager: Display: Found up-to-date module file ../../../Engine/Plugins/Runtime/WindowsMoviePlayer/Binaries/Win64/UE4Editor-WindowsMoviePlayer.dll (API version 3709383).
LogPluginManager: Mounting plugin Paper2D
LogPluginManager: Mounting plugin LightPropagationVolume
LogPluginManager: Mounting plugin CodeLiteSourceCodeAccess
LogPluginManager: Mounting plugin GitSourceControl
LogPluginManager: Mounting plugin KDevelopSourceCodeAccess
LogPluginManager: Mounting plugin NullSourceCodeAccess
LogPluginManager: Mounting plugin PerforceSourceControl
LogPluginManager: Mounting plugin SubversionSourceControl
LogPluginManager: Mounting plugin UObjectPlugin
LogPluginManager: Mounting plugin VisualStudioCodeSourceCodeAccess
LogPluginManager: Mounting plugin VisualStudioSourceCodeAccess
LogPluginManager: Mounting plugin XCodeSourceCodeAccess
LogPluginManager: Mounting plugin AssetManagerEditor
LogPluginManager: Mounting plugin AudioCapture
LogPluginManager: Mounting plugin FacialAnimation
LogPluginManager: Mounting plugin GameplayTagsEditor
LogPluginManager: Mounting plugin MobileLauncherProfileWizard
LogPluginManager: Mounting plugin PluginBrowser
LogPluginManager: Mounting plugin SpeedTreeImporter
LogPluginManager: Mounting plugin AlembicImporter
LogPluginManager: Mounting plugin CharacterAI
LogPluginManager: Mounting plugin HTML5Networking
LogPluginManager: Mounting plugin AndroidMedia
LogPluginManager: Mounting plugin AvfMedia
LogPluginManager: Mounting plugin ImgMedia
LogPluginManager: Mounting plugin MediaCompositing
LogPluginManager: Mounting plugin MediaPlayerEditor
LogPluginManager: Mounting plugin WmfMedia
LogPluginManager: Mounting plugin TcpMessaging
LogPluginManager: Mounting plugin UdpMessaging
LogPluginManager: Mounting plugin ActorSequence
LogPluginManager: Mounting plugin LevelSequenceEditor
LogPluginManager: Mounting plugin MatineeToLevelSequence
LogPluginManager: Mounting plugin OnlineSubsystemGooglePlay
LogPluginManager: Mounting plugin OnlineSubsystemIOS
LogPluginManager: Mounting plugin OnlineSubsystem
LogPluginManager: Mounting plugin OnlineSubsystemNull
LogPluginManager: Mounting plugin OnlineSubsystemUtils
LogPluginManager: Mounting plugin AndroidDeviceProfileSelector
LogPluginManager: Mounting plugin AndroidMoviePlayer
LogPluginManager: Mounting plugin AndroidPermission
LogPluginManager: Mounting plugin AppleARKit
LogPluginManager: Mounting plugin AppleMoviePlayer
LogPluginManager: Mounting plugin ArchVisCharacter
LogPluginManager: Mounting plugin CableComponent
LogPluginManager: Mounting plugin CustomMeshComponent
LogPluginManager: Mounting plugin ExampleDeviceProfileSelector
LogPluginManager: Mounting plugin GoogleCloudMessaging
LogPluginManager: Mounting plugin ImmediatePhysics
LogPluginManager: Mounting plugin IOSDeviceProfileSelector
LogPluginManager: Mounting plugin LinuxDeviceProfileSelector
LogPluginManager: Mounting plugin LocationServicesBPLibrary
LogPluginManager: Mounting plugin MobilePatchingUtils
LogPluginManager: Mounting plugin OculusVR
LogPluginManager: Plugin shader directory ../../../Engine/Plugins/Runtime/Oculus/OculusVR/Shaders found
LogPluginManager: Mapping shader source directory ../../../Engine/Plugins/Runtime/Oculus/OculusVR/Shaders to virtual directory /Plugin/OculusVR
LogPluginManager: Mounting plugin PhysXVehicles
LogPluginManager: Mounting plugin ProceduralMeshComponent
LogPluginManager: Mounting plugin RuntimePhysXCooking
LogPluginManager: Mounting plugin SteamVR
LogPluginManager: Mounting plugin WindowsMoviePlayer
LogInit: Using libcurl 7.47.1
LogInit:  - built for x86_64-pc-win32
LogInit:  - supports SSL with OpenSSL/1.0.2g
LogInit:  - supports HTTP deflate (compression) using libz 1.2.8
LogInit:  - other features:
LogInit:      CURL_VERSION_SSL
LogInit:      CURL_VERSION_LIBZ
LogInit:      CURL_VERSION_IPV6
LogInit:      CURL_VERSION_ASYNCHDNS
LogInit:      CURL_VERSION_LARGEFILE
LogInit:      CURL_VERSION_IDN
LogInit:  CurlRequestOptions (configurable via config and command line):
LogInit:  - bVerifyPeer = false  - Libcurl will NOT verify peer certificate
LogInit:  - bUseHttpProxy = false  - Libcurl will NOT use HTTP proxy
LogInit:  - bDontReuseConnections = false  - Libcurl will reuse connections
LogInit:  - CertBundlePath = nullptr  - Libcurl will use whatever was configured at build time.
LogInit: Build: ++UE4+Release-4.18-CL-3832480
LogInit: Engine Version: 4.18.3-3832480+++UE4+Release-4.18
LogInit: Compatible Engine Version: 4.18.0-3709383+++UE4+Release-4.18
LogInit: Net CL: 3709383
LogDevObjectVersion: Number of dev versions registered: 16
LogDevObjectVersion:   Dev-Blueprints (B0D832E4-1F89-4F0D-ACCF-7EB736FD4AA2): 10
LogDevObjectVersion:   Dev-Build (E1C64328-A22C-4D53-A36C-8E866417BD8C): 0
LogDevObjectVersion:   Dev-Core (375EC13C-06E4-48FB-B500-84F0262A717E): 2
LogDevObjectVersion:   Dev-Editor (E4B068ED-F494-42E9-A231-DA0B2E46BB41): 20
LogDevObjectVersion:   Dev-Framework (CFFC743F-43B0-4480-9391-14DF171D2073): 30
LogDevObjectVersion:   Dev-Mobile (B02B49B5-BB20-44E9-A304-32B752E40360): 0
LogDevObjectVersion:   Dev-Networking (A4E4105C-59A1-49B5-A7C5-40C4547EDFEE): 0
LogDevObjectVersion:   Dev-Online (39C831C9-5AE6-47DC-9A44-9C173E1C8E7C): 0
LogDevObjectVersion:   Dev-Physics (78F01B33-EBEA-4F98-B9B4-84EACCB95AA2): 0
LogDevObjectVersion:   Dev-Platform (6631380F-2D4D-43E0-8009-CF276956A95A): 0
LogDevObjectVersion:   Dev-Rendering (12F88B9F-8875-4AFC-A67C-D90C383ABD29): 20
LogDevObjectVersion:   Dev-Sequencer (7B5AE74C-D270-4C10-A958-57980B212A5A): 4
LogDevObjectVersion:   Dev-VR (D7296918-1DD6-4BDD-9DE2-64A83CC13884): 0
LogDevObjectVersion:   Dev-LoadTimes (C2A15278-BFE7-4AFE-6C17-90FF531DF755): 1
LogDevObjectVersion:   Private-Geometry (6EACA3D4-40EC-4CC1-B786-8BED09428FC5): 1
LogDevObjectVersion:   Dev-AnimPhys (29E575DD-E0A3-4627-9D10-D276232CDCEA): 12
LogInit: Compiled (64-bit): Jan 12 2018 02:04:55
LogInit: Compiled with Visual C++: 19.00.24215.01
LogInit: Build Configuration: Development
LogInit: Branch Name: ++UE4+Release-4.18
LogInit: Command line: -EpicPortal 
LogInit: Base directory: C:/Work/Unreal4/UE4/UE_4.18/Engine/Binaries/Win64/
LogInit: Installed Engine Build: 1
LogInit: Presizing for max 8388607 objects, including 0 objects not considered by GC, pre-allocating 0 bytes for permanent pool.
LogInit: Object subsystem initialized
[2018.02.07-18.10.14:162][  0]LogInit: Selected Device Profile: [Windows]
[2018.02.07-18.10.14:162][  0]LogInit: Applying CVar settings loaded from the selected device profile: [Windows]
[2018.02.07-18.10.14:176][  0]LogInit: Computer: DESKTOP-GN15RV5
[2018.02.07-18.10.14:176][  0]LogInit: User: dazha
[2018.02.07-18.10.14:176][  0]LogInit: CPU Page size=4096, Cores=4
[2018.02.07-18.10.14:176][  0]LogInit: High frequency timer resolution =2.835938 MHz
[2018.02.07-18.10.14:176][  0]LogMemory: Memory total: Physical=15.9GB (16GB approx)
[2018.02.07-18.10.14:176][  0]LogMemory: Platform Memory Stats for Windows
[2018.02.07-18.10.14:176][  0]LogMemory: Process Physical Memory: 275.83 MB used, 275.83 MB peak
[2018.02.07-18.10.14:176][  0]LogMemory: Process Virtual Memory: 269.89 MB used, 269.89 MB peak
[2018.02.07-18.10.14:176][  0]LogMemory: Physical Memory: 4810.57 MB used,  11446.38 MB free, 16256.94 MB total
[2018.02.07-18.10.14:176][  0]LogMemory: Virtual Memory: 682.25 MB used,  11446.38 MB free, 134217728.00 MB total
[2018.02.07-18.10.15:319][  0]LogInit: Using OS detected language (zh-CN).
[2018.02.07-18.10.15:319][  0]LogInit: Using OS detected locale (zh-CN).
[2018.02.07-18.10.15:529][  0]LogInit: Setting process to per monitor DPI aware
[2018.02.07-18.10.15:911][  0]LogD3D11RHI: D3D11 adapters:
[2018.02.07-18.10.15:963][  0]LogD3D11RHI:    0. 'NVIDIA GeForce GTX 1080' (Feature Level 11_0)
[2018.02.07-18.10.15:963][  0]LogD3D11RHI:       8086/0/8128 MB DedicatedVideo/DedicatedSystem/SharedSystem, Outputs:1, VendorId:0x10de
[2018.02.07-18.10.15:973][  0]LogD3D11RHI:    1. 'Intel(R) HD Graphics 630' (Feature Level 11_0)
[2018.02.07-18.10.15:974][  0]LogD3D11RHI:       128/0/8128 MB DedicatedVideo/DedicatedSystem/SharedSystem, Outputs:0, VendorId:0x8086
[2018.02.07-18.10.15:976][  0]LogD3D11RHI:    2. 'Microsoft Basic Render Driver' (Feature Level 11_0)
[2018.02.07-18.10.15:976][  0]LogD3D11RHI:       0/0/8128 MB DedicatedVideo/DedicatedSystem/SharedSystem, Outputs:0, VendorId:0x1414
[2018.02.07-18.10.15:976][  0]LogD3D11RHI: Chosen D3D11 Adapter: 0
[2018.02.07-18.10.15:984][  0]LogD3D11RHI: Creating new Direct3DDevice
[2018.02.07-18.10.15:984][  0]LogD3D11RHI:     GPU DeviceId: 0x1ba0 (for the marketing name, search the web for "GPU Device Id")
[2018.02.07-18.10.15:984][  0]LogWindows: EnumDisplayDevices:
[2018.02.07-18.10.15:984][  0]LogWindows:    0. 'Intel(R) HD Graphics 630' (P:1 D:1)
[2018.02.07-18.10.15:985][  0]LogWindows:    1. 'Intel(R) HD Graphics 630' (P:0 D:0)
[2018.02.07-18.10.15:985][  0]LogWindows:    2. 'Intel(R) HD Graphics 630' (P:0 D:0)
[2018.02.07-18.10.15:985][  0]LogWindows:    3. 'NVIDIA GeForce GTX 1080' (P:0 D:0)
[2018.02.07-18.10.15:985][  0]LogWindows:    4. 'NVIDIA GeForce GTX 1080' (P:0 D:0)
[2018.02.07-18.10.15:985][  0]LogWindows:    5. 'NVIDIA GeForce GTX 1080' (P:0 D:0)
[2018.02.07-18.10.15:985][  0]LogWindows:    6. 'NVIDIA GeForce GTX 1080' (P:0 D:0)
[2018.02.07-18.10.15:985][  0]LogWindows: DebugString: GetVideoDriverDetailsInvalid PrimaryIsNotTheChoosenAdapter GetVideoDriverDetailsInvalid PrimaryIsNotTheChoosenAdapter GetVideoDriverDetailsInvalid PrimaryIsNotTheChoosenAdapter GetVideoDriverDetailsInvalid PrimaryIsNotTheChoosenAdapter GetVideoDriverDetailsInvalid PrimaryIsNotTheChoosenAdapter GetVideoDriverDetailsInvalid PrimaryIsNotTheChoosenAdapter GetVideoDriverDetailsInvalid PrimaryIsNotTheChoosenAdapter FoundDriverCount:0 
[2018.02.07-18.10.15:985][  0]LogD3D11RHI:     Adapter Name: NVIDIA GeForce GTX 1080
[2018.02.07-18.10.15:985][  0]LogD3D11RHI:   Driver Version: Unknown (internal:Unknown, unified:Unknown)
[2018.02.07-18.10.15:985][  0]LogD3D11RHI:      Driver Date: Unknown
[2018.02.07-18.10.15:985][  0]LogRHI: Texture pool is 5660 MB (70% of 8086 MB)
[2018.02.07-18.10.16:010][  0]LogD3D11RHI: Async texture creation enabled
[2018.02.07-18.10.16:022][  0]LogD3D11RHI: GPU Timing Frequency: 1000.000000 (Debug: 2 1)
[2018.02.07-18.10.16:024][  0]LogShaderCompilers: Guid format shader working directory is 11 characters bigger than the processId version (D:/UnrealPrograms/FantasyEscape3RD/Intermediate/Shaders/WorkingDirectory/13380/).
[2018.02.07-18.10.16:024][  0]LogShaderCompilers: Cleaned the shader compiler working directory 'C:/Users/dazha/AppData/Local/Temp/UnrealShaderWorkingDir/1F55F8BF406B84660F81E6BF13C298D1/'.
[2018.02.07-18.10.16:024][  0]LogShaderCompilers: Display: Using Local Shader Compiler.
[2018.02.07-18.10.17:635][  0]LogTemp: Display: Loaded TP AllDesktopTargetPlatform
[2018.02.07-18.10.17:710][  0]LogTemp: Display: Loaded TP MacClientTargetPlatform
[2018.02.07-18.10.17:759][  0]LogTemp: Display: Loaded TP MacNoEditorTargetPlatform
[2018.02.07-18.10.17:808][  0]LogTemp: Display: Loaded TP MacServerTargetPlatform
[2018.02.07-18.10.17:856][  0]LogTemp: Display: Loaded TP MacTargetPlatform
[2018.02.07-18.10.17:905][  0]LogTemp: Display: Loaded TP WindowsClientTargetPlatform
[2018.02.07-18.10.17:953][  0]LogTemp: Display: Loaded TP WindowsNoEditorTargetPlatform
[2018.02.07-18.10.18:002][  0]LogTemp: Display: Loaded TP WindowsServerTargetPlatform
[2018.02.07-18.10.18:045][  0]LogTemp: Display: Loaded TP WindowsTargetPlatform
[2018.02.07-18.10.18:092][  0]LogTemp: Display: Loaded TP Android_ASTCTargetPlatform
[2018.02.07-18.10.18:139][  0]LogTemp: Display: Loaded TP Android_ATCTargetPlatform
[2018.02.07-18.10.18:186][  0]LogTemp: Display: Loaded TP Android_DXTTargetPlatform
[2018.02.07-18.10.18:233][  0]LogTemp: Display: Loaded TP Android_ETC1TargetPlatform
[2018.02.07-18.10.18:280][  0]LogTemp: Display: Loaded TP Android_ETC2TargetPlatform
[2018.02.07-18.10.18:374][  0]LogTemp: Display: Loaded TP Android_MultiTargetPlatform
[2018.02.07-18.10.18:374][  0]LogTemp: Display: Loaded TP Android_PVRTCTargetPlatform
[2018.02.07-18.10.18:422][  0]LogTemp: Display: Loaded TP AndroidTargetPlatform
[2018.02.07-18.10.18:460][  0]LogTemp: Display: Loaded TP HTML5TargetPlatform
[2018.02.07-18.10.18:547][  0]LogTemp: Display: Loaded TP IOSTargetPlatform
[2018.02.07-18.10.18:573][  0]LogTemp: Display: Loaded TP TVOSTargetPlatform
[2018.02.07-18.10.18:621][  0]LogTemp: Display: Loaded TP LinuxClientTargetPlatform
[2018.02.07-18.10.18:668][  0]LogTemp: Display: Loaded TP LinuxNoEditorTargetPlatform
[2018.02.07-18.10.18:715][  0]LogTemp: Display: Loaded TP LinuxServerTargetPlatform
[2018.02.07-18.10.18:762][  0]LogTemp: Display: Loaded TP LinuxTargetPlatform
[2018.02.07-18.10.18:762][  0]LogTargetPlatformManager: Display: Building Assets For Windows
[2018.02.07-18.10.19:204][  0]LogDerivedDataCache: Display: Max Cache Size: 512 MB
[2018.02.07-18.10.19:278][  0]LogDerivedDataCache: Loaded boot cache 0.07s 78MB C:/Users/dazha/AppData/Local/UnrealEngine/4.18/DerivedDataCache/Boot.ddc.
[2018.02.07-18.10.19:278][  0]LogDerivedDataCache: Display: Loaded Boot cache: C:/Users/dazha/AppData/Local/UnrealEngine/4.18/DerivedDataCache/Boot.ddc
[2018.02.07-18.10.19:278][  0]LogDerivedDataCache: FDerivedDataBackendGraph:  Pak pak cache file D:/UnrealPrograms/FantasyEscape3RD/DerivedDataCache/DDC.ddp not found, will not use a pak cache.
[2018.02.07-18.10.19:278][  0]LogDerivedDataCache: Unable to find inner node Pak for hierarchical cache Hierarchy.
[2018.02.07-18.10.19:278][  0]LogDerivedDataCache: FDerivedDataBackendGraph:  CompressedPak pak cache file D:/UnrealPrograms/FantasyEscape3RD/DerivedDataCache/Compressed.ddp not found, will not use a pak cache.
[2018.02.07-18.10.19:278][  0]LogDerivedDataCache: Unable to find inner node CompressedPak for hierarchical cache Hierarchy.
[2018.02.07-18.10.19:295][  0]LogDerivedDataCache: Display: Pak cache opened for reading ../../../Engine/DerivedDataCache/Compressed.ddp.
[2018.02.07-18.10.19:308][  0]LogDerivedDataCache: Using Local data cache path C:/Users/dazha/AppData/Local/UnrealEngine/Common/DerivedDataCache: Writable
[2018.02.07-18.10.19:319][  0]LogMaterial: Verifying Global Shaders for PCD3D_SM5
[2018.02.07-18.10.19:320][  0]LogSlate: Using Freetype 2.6.0
[2018.02.07-18.10.19:320][  0]LogSlate: SlateFontCache - WITH_FREETYPE: 1, WITH_HARFBUZZ: 1
[2018.02.07-18.10.19:320][  0]LogSlate: SlateFontCache - WITH_FREETYPE: 1, WITH_HARFBUZZ: 1
[2018.02.07-18.10.19:721][  0]LogInit: Selected Device Profile: [Windows]
[2018.02.07-18.10.20:070][  0]LogSimplygon: Simplygon DLL not present - disabling.
[2018.02.07-18.10.20:108][  0]LogMeshReduction: Using SimplygonSwarm for distributed automatic mesh merging
[2018.02.07-18.10.20:108][  0]LogMeshReduction: Using QuadricMeshReduction for automatic static mesh reduction
[2018.02.07-18.10.20:108][  0]LogMeshReduction: No automatic skeletal mesh reduction module available
[2018.02.07-18.10.20:108][  0]LogMeshReduction: No automatic mesh merging module available
[2018.02.07-18.10.20:108][  0]LogMeshMerging: No automatic mesh merging module available
[2018.02.07-18.10.20:140][  0]LogNetVersion: FantasyEscape3RD , NetCL: 3709383, EngineNetVer: 2, GameNetVer: 0 (Checksum: 2726885104)
[2018.02.07-18.10.20:314][  0]LogAssetRegistry: FAssetRegistry took 0.0263 seconds to start up
[2018.02.07-18.10.21:661][  0]LogPackageLocalizationCache: Processed 7 localized package path(s) for 4 prioritized culture(s) in 0.227244 seconds
[2018.02.07-18.10.21:676][  0]LogUObjectArray: 35870 objects as part of root set at end of initial load.
[2018.02.07-18.10.21:676][  0]LogUObjectAllocator: 7363704 out of 0 bytes used by permanent object pool.
[2018.02.07-18.10.21:676][  0]LogUObjectArray: CloseDisregardForGC: 0/0 objects in disregard for GC pool
[2018.02.07-18.10.21:827][  0]LogInit: WinSock: version 1.1 (2.2), MaxSocks=32767, MaxUdp=65467
[2018.02.07-18.10.26:301][  0]LogTcpMessaging: Initializing TcpMessaging bridge
[2018.02.07-18.10.26:397][  0]LogUdpMessaging: Initializing bridge on interface 0.0.0.0:0 to multicast group 230.0.0.1:6666.
[2018.02.07-18.10.27:157][  0]LogMaterial: Uniform references updated for custom material expression Custom.
[2018.02.07-18.10.27:906][  0]SourceControl: 源码控制已禁用
[2018.02.07-18.10.27:906][  0]SourceControl: 源码控制已禁用
[2018.02.07-18.10.27:961][  0]SourceControl: 源码控制已禁用
[2018.02.07-18.10.28:015][  0]SourceControl: 源码控制已禁用
[2018.02.07-18.10.29:358][  0]LogAndroidPermission: UAndroidPermissionCallbackProxy::GetInstance
[2018.02.07-18.10.29:628][  0]LogOcInput: OculusInput pre-init called
[2018.02.07-18.10.30:066][  0]LogEngine: Initializing Engine...
[2018.02.07-18.10.30:069][  0]LogHMD: Failed to initialize OpenVR with code 110
[2018.02.07-18.10.30:644][  0]LogStats: UGameplayTagsManager::ConstructGameplayTagTree: Construct from data asset -  0.000 s
[2018.02.07-18.10.30:644][  0]LogStats: UGameplayTagsManager::ConstructGameplayTagTree: GameplayTagTreeChangedEvent.Broadcast -  0.000 s
[2018.02.07-18.10.30:830][  0]LogAIModule: Creating AISystem for world Untitled
[2018.02.07-18.10.30:851][  0]LogInit: XAudio2 using 'Speakers / Headphones (Realtek Audio)' : 6 channels at 48 kHz using 32 bits per sample (channel mask 0x3f)
[2018.02.07-18.10.32:084][  0]LogInit: FAudioDevice initialized.
[2018.02.07-18.10.32:191][  0]LogDerivedDataCache: Saved boot cache 0.11s 78MB C:/Users/dazha/AppData/Local/UnrealEngine/4.18/DerivedDataCache/Boot.ddc.
[2018.02.07-18.10.32:205][  0]LogInit: Texture streaming: Enabled
[2018.02.07-18.10.32:304][  0]LogEngineSessionManager: EngineSessionManager initialized
[2018.02.07-18.10.32:609][  0]LogInit: Transaction tracking system initialized
[2018.02.07-18.10.33:135][  0]BlueprintLog: New page: 编辑器加载
[2018.02.07-18.10.34:184][  0]LocalizationService: 本地化服务已被禁用
[2018.02.07-18.10.36:456][  0]LogConsoleResponse: Display: 
[2018.02.07-18.10.36:666][  0]LogCook: Display: Max memory allowance for cook 16384mb min free memory 0mb
[2018.02.07-18.10.36:666][  0]LogCook: Display: Mobile HDR setting 1
[2018.02.07-18.10.36:666][  0]LogGameplayTags: Display: UGameplayTagsManager::DoneAddingNativeTags. DelegateIsBound: 0
[2018.02.07-18.10.37:482][  0]LogFileCache: Scanning file cache for directory 'D:/UnrealPrograms/FantasyEscape3RD/Content/' took 0.01s
[2018.02.07-18.10.39:188][  0]SourceControl: 源码控制已禁用
[2018.02.07-18.10.39:189][  0]Cmd: MAP LOAD FILE="D:/UnrealPrograms/FantasyEscape3RD/Content/ThirdPersonBP/Maps/ThirdPersonExampleMap.umap" TEMPLATE=0 SHOWPROGRESS=1 FEATURELEVEL=3
[2018.02.07-18.10.39:189][  0]LightingResults: New page: 光照构建
[2018.02.07-18.10.39:256][  0]MapCheck: New page: 地图检测
[2018.02.07-18.10.39:256][  0]LightingResults: New page: 光照构建
[2018.02.07-18.10.40:091][  0]LogAIModule: Creating AISystem for world ThirdPersonExampleMap
[2018.02.07-18.10.40:113][  0]LogEditorServer: Finished looking for orphan Actors (0.000 secs)
[2018.02.07-18.10.40:141][  0]Cmd: MAP CHECKDEP NOCLEARLOG
[2018.02.07-18.10.40:264][  0]MapCheck: 地图检测完成：0个错误，0 个警告，用时122.834毫秒完成。
[2018.02.07-18.10.40:265][  0]LogFileHelpers: Loading map 'ThirdPersonExampleMap' took 1.076
[2018.02.07-18.10.40:408][  0]LogWindowsTextInputMethodSystem: Display: IME system now activated using TSF (微软拼音).
[2018.02.07-18.10.40:566][  0]LogCollectionManager: Loaded 0 collections in 0.001869 seconds
[2018.02.07-18.10.40:647][  0]LogFileCache: Scanning file cache for directory 'D:/UnrealPrograms/FantasyEscape3RD/Saved/Collections/' took 0.01s
[2018.02.07-18.10.40:647][  0]LogFileCache: Scanning file cache for directory 'D:/UnrealPrograms/FantasyEscape3RD/Content/Developers/dazha/Collections/' took 0.01s
[2018.02.07-18.10.40:647][  0]LogFileCache: Scanning file cache for directory 'D:/UnrealPrograms/FantasyEscape3RD/Content/Collections/' took 0.01s
[2018.02.07-18.10.40:647][  0]LogCollectionManager: Rebuilt the GUID cache for 0 collections in 0.000000 seconds
[2018.02.07-18.10.40:655][  0]LogContentBrowser: Native class hierarchy populated in 0.0078 seconds. Added 2363 classes and 519 folders.
[2018.02.07-18.10.40:717][  0]LogContentBrowser: Native class hierarchy updated for 'WidgetCarousel' in 0.0003 seconds. Added 0 classes and 0 folders.
[2018.02.07-18.10.40:757][  0]LogContentBrowser: Native class hierarchy updated for 'AddContentDialog' in 0.0002 seconds. Added 0 classes and 0 folders.
[2018.02.07-18.10.40:800][  0]LogContentBrowser: Native class hierarchy updated for 'SceneOutliner' in 0.0002 seconds. Added 1 classes and 2 folders.
[2018.02.07-18.10.40:863][  0]LogSlate: Took 0.000234 seconds to synchronously load lazily loaded font '../../../Engine/Content/Slate/Fonts/Roboto-Regular.ttf' (155K)
[2018.02.07-18.10.40:869][  0]LogSlate: Took 0.003834 seconds to synchronously load lazily loaded font '../../../Engine/Content/Slate/Fonts/DroidSansFallback.ttf' (3848K)
[2018.02.07-18.10.40:871][  0]LogSlate: Took 0.000363 seconds to synchronously load lazily loaded font '../../../Engine/Content/Slate/Fonts/Roboto-Bold.ttf' (160K)
[2018.02.07-18.10.40:876][  0]LogSlate: Took 0.000203 seconds to synchronously load lazily loaded font '../../../Engine/Content/Editor/Slate/Fonts/FontAwesome.ttf' (139K)
[2018.02.07-18.10.41:019][  0]LogRenderer: Reallocating scene render targets to support 868x424 Format 10 NumSamples 1 (Frame:1).
[2018.02.07-18.10.41:182][  0]LogContentBrowser: Native class hierarchy updated for 'HierarchicalLODOutliner' in 0.0002 seconds. Added 1 classes and 2 folders.
[2018.02.07-18.10.41:182][  0]LogLoad: (Engine Initialization) Total time: 30.14 seconds
[2018.02.07-18.10.41:182][  0]LogLoad: (Engine Initialization) Total Blueprint compile time: 0.00 seconds
[2018.02.07-18.10.41:182][  0]LogExternalProfiler: No external profilers were discovered.  External profiling features will not be available.
[2018.02.07-18.10.41:222][  0]LogContentStreaming: Texture pool size now 1000 MB
[2018.02.07-18.10.41:274][  1]LogAssetRegistry: Asset discovery search completed in 20.9825 seconds
[2018.02.07-18.10.41:276][  1]LogCollectionManager: Rebuilt the object cache for 0 collections in 0.000000 seconds (found 0 objects)
[2018.02.07-18.10.41:276][  1]LogCollectionManager: Fixed up redirectors for 0 collections in 0.000048 seconds (updated 0 objects)
[2018.02.07-18.10.52:929][565]LogTemp: Repeating last play command: 选中的视口
[2018.02.07-18.10.52:982][565]LogBlueprintUserMessages: Early PlayInEditor Detection: Level '/Game/ThirdPersonBP/Maps/ThirdPersonExampleMap.ThirdPersonExampleMap:PersistentLevel' has LevelScriptBlueprint '/Game/ThirdPersonBP/Maps/ThirdPersonExampleMap.ThirdPersonExampleMap:PersistentLevel.ThirdPersonExampleMap' with GeneratedClass '/Game/ThirdPersonBP/Maps/ThirdPersonExampleMap.ThirdPersonExampleMap_C' with ClassGeneratedBy '/Game/ThirdPersonBP/Maps/ThirdPersonExampleMap.ThirdPersonExampleMap:PersistentLevel.ThirdPersonExampleMap'
[2018.02.07-18.10.52:982][565]LogPlayLevel: PlayLevel: No blueprints needed recompiling
[2018.02.07-18.10.52:983][565]PIE: New page: PIE会话: ThirdPersonExampleMap (2018年2月7日 上午2:10:52)
[2018.02.07-18.10.52:983][565]LogPlayLevel: Creating play world package: /Game/ThirdPersonBP/Maps/UEDPIE_0_ThirdPersonExampleMap
[2018.02.07-18.10.53:011][565]LogPlayLevel: PIE: StaticDuplicateObject took: (0.028285s)
[2018.02.07-18.10.53:012][565]LogAIModule: Creating AISystem for world ThirdPersonExampleMap
[2018.02.07-18.10.53:013][565]LogPlayLevel: PIE: World Init took: (0.001565s)
[2018.02.07-18.10.53:013][565]LogPlayLevel: PIE: Created PIE world by copying editor world from /Game/ThirdPersonBP/Maps/ThirdPersonExampleMap.ThirdPersonExampleMap to /Game/ThirdPersonBP/Maps/UEDPIE_0_ThirdPersonExampleMap.ThirdPersonExampleMap (0.030248s)
[2018.02.07-18.10.53:036][565]LogInit: XAudio2 using 'Speakers / Headphones (Realtek Audio)' : 6 channels at 48 kHz using 32 bits per sample (channel mask 0x3f)
[2018.02.07-18.10.53:086][565]LogInit: FAudioDevice initialized.
[2018.02.07-18.10.53:137][565]LogLoad: Game class is 'ThirdPersonGameMode_C'
[2018.02.07-18.10.53:141][565]LogWorld: Bringing World /Game/ThirdPersonBP/Maps/UEDPIE_0_ThirdPersonExampleMap.ThirdPersonExampleMap up for play (max tick rate 60) at 2018.02.07-10.10.53
[2018.02.07-18.10.53:150][565]LogWorld: Bringing up level for play took: 0.010872
[2018.02.07-18.10.53:248][565]LogContentBrowser: Native class hierarchy updated for 'MovieSceneCapture' in 0.0006 seconds. Added 11 classes and 0 folders.
[2018.02.07-18.10.53:251][565]PIE: /Game/ThirdPersonBP/Maps/UEDPIE_0_ThirdPersonExampleMap的‘在编辑器中播放’的起始时间0.985
[2018.02.07-18.10.53:252][565]LogBlueprintUserMessages: Late PlayInEditor Detection: Level '/Game/ThirdPersonBP/Maps/ThirdPersonExampleMap.ThirdPersonExampleMap:PersistentLevel' has LevelScriptBlueprint '/Game/ThirdPersonBP/Maps/ThirdPersonExampleMap.ThirdPersonExampleMap:PersistentLevel.ThirdPersonExampleMap' with GeneratedClass '/Game/ThirdPersonBP/Maps/ThirdPersonExampleMap.ThirdPersonExampleMap_C' with ClassGeneratedBy '/Game/ThirdPersonBP/Maps/ThirdPersonExampleMap.ThirdPersonExampleMap:PersistentLevel.ThirdPersonExampleMap'
[2018.02.07-18.12.40:165][851]LogBlueprintUserMessages: Early EndPlayMap Detection: Level '/Game/ThirdPersonBP/Maps/ThirdPersonExampleMap.ThirdPersonExampleMap:PersistentLevel' has LevelScriptBlueprint '/Game/ThirdPersonBP/Maps/ThirdPersonExampleMap.ThirdPersonExampleMap:PersistentLevel.ThirdPersonExampleMap' with GeneratedClass '/Game/ThirdPersonBP/Maps/ThirdPersonExampleMap.ThirdPersonExampleMap_C' with ClassGeneratedBy '/Game/ThirdPersonBP/Maps/ThirdPersonExampleMap.ThirdPersonExampleMap:PersistentLevel.ThirdPersonExampleMap'
[2018.02.07-18.12.40:215][851]LogBlueprintUserMessages: Late EndPlayMap Detection: Level '/Game/ThirdPersonBP/Maps/ThirdPersonExampleMap.ThirdPersonExampleMap:PersistentLevel' has LevelScriptBlueprint '/Game/ThirdPersonBP/Maps/ThirdPersonExampleMap.ThirdPersonExampleMap:PersistentLevel.ThirdPersonExampleMap' with GeneratedClass '/Game/ThirdPersonBP/Maps/ThirdPersonExampleMap.ThirdPersonExampleMap_C' with ClassGeneratedBy '/Game/ThirdPersonBP/Maps/ThirdPersonExampleMap.ThirdPersonExampleMap:PersistentLevel.ThirdPersonExampleMap'
[2018.02.07-18.12.41:603][893]LogSlate: Took 0.000245 seconds to synchronously load lazily loaded font '../../../Engine/Content/Slate/Fonts/Roboto-Light.ttf' (159K)
[2018.02.07-18.12.43:177][893]LogAIModule: Creating AISystem for world Chapter1
[2018.02.07-18.12.43:251][893]Cmd: MAP LOAD FILE="D:/UnrealPrograms/FantasyEscape3RD/Content/Maps/Chapter1.umap" TEMPLATE=0 SHOWPROGRESS=1 FEATURELEVEL=3
[2018.02.07-18.12.43:251][893]LightingResults: New page: 光照构建
[2018.02.07-18.12.43:252][893]LoadErrors: New page: 正在加载地图： Chapter1.umap
[2018.02.07-18.12.43:252][893]MapCheck: New page: 地图检测
[2018.02.07-18.12.43:252][893]LightingResults: New page: 光照构建
[2018.02.07-18.12.45:966][893]LogEditorServer: Finished looking for orphan Actors (0.000 secs)
[2018.02.07-18.12.46:067][893]Cmd: MAP CHECKDEP NOCLEARLOG
[2018.02.07-18.12.46:231][893]MapCheck: 地图检测完成：0个错误，0 个警告，用时163.707毫秒完成。
[2018.02.07-18.12.46:234][893]LogSlate: Took 0.000484 seconds to synchronously load lazily loaded font '../../../Engine/Content/Slate/Fonts/Roboto-Regular.ttf' (155K)
[2018.02.07-18.12.46:244][893]LogFileHelpers: Loading map 'Chapter1' took 2.994
[2018.02.07-18.13.03:358][262]LogTemp: Repeating last play command: 选中的视口
[2018.02.07-18.13.03:376][262]LogPlayLevel: PlayLevel: No blueprints needed recompiling
[2018.02.07-18.13.03:377][262]PIE: New page: PIE会话: Chapter1 (2018年2月7日 上午2:13:03)
[2018.02.07-18.13.03:377][262]LogPlayLevel: Creating play world package: /Game/Maps/UEDPIE_0_Chapter1
[2018.02.07-18.13.03:902][262]LogPlayLevel: PIE: StaticDuplicateObject took: (0.525182s)
[2018.02.07-18.13.03:903][262]LogAIModule: Creating AISystem for world Chapter1
[2018.02.07-18.13.03:904][262]LogPlayLevel: PIE: World Init took: (0.001376s)
[2018.02.07-18.13.03:904][262]LogPlayLevel: PIE: Created PIE world by copying editor world from /Game/Maps/Chapter1.Chapter1 to /Game/Maps/UEDPIE_0_Chapter1.Chapter1 (0.526938s)
[2018.02.07-18.13.03:929][262]LogInit: XAudio2 using 'Speakers / Headphones (Realtek Audio)' : 6 channels at 48 kHz using 32 bits per sample (channel mask 0x3f)
[2018.02.07-18.13.03:982][262]LogInit: FAudioDevice initialized.
[2018.02.07-18.13.04:026][262]LogLoad: Game class is 'ThirdPersonGameMode_C'
[2018.02.07-18.13.04:248][262]LogWorld: Bringing World /Game/Maps/UEDPIE_0_Chapter1.Chapter1 up for play (max tick rate 60) at 2018.02.07-10.13.04
[2018.02.07-18.13.04:287][262]LogWorld: Bringing up level for play took: 0.259075
[2018.02.07-18.13.04:297][262]PIE: /Game/Maps/UEDPIE_0_Chapter1的‘在编辑器中播放’的起始时间0.031
[2018.02.07-18.17.37:946][453]LogTemp: Repeating last play command: 选中的视口
[2018.02.07-18.17.37:966][453]LogPlayLevel: PlayLevel: No blueprints needed recompiling
[2018.02.07-18.17.37:966][453]PIE: New page: PIE会话: Chapter1 (2018年2月7日 上午2:17:37)
[2018.02.07-18.17.37:966][453]LogPlayLevel: Creating play world package: /Game/Maps/UEDPIE_0_Chapter1
[2018.02.07-18.17.38:240][453]LogPlayLevel: PIE: StaticDuplicateObject took: (0.273792s)
[2018.02.07-18.17.38:241][453]LogAIModule: Creating AISystem for world Chapter1
[2018.02.07-18.17.38:241][453]LogPlayLevel: PIE: World Init took: (0.001103s)
[2018.02.07-18.17.38:241][453]LogPlayLevel: PIE: Created PIE world by copying editor world from /Game/Maps/Chapter1.Chapter1 to /Game/Maps/UEDPIE_0_Chapter1.Chapter1 (0.275253s)
[2018.02.07-18.17.38:263][453]LogInit: XAudio2 using 'Speakers / Headphones (Realtek Audio)' : 6 channels at 48 kHz using 32 bits per sample (channel mask 0x3f)
[2018.02.07-18.17.38:349][453]LogInit: FAudioDevice initialized.
[2018.02.07-18.17.38:399][453]LogLoad: Game class is 'ThirdPersonGameMode_C'
[2018.02.07-18.17.38:511][453]LogWorld: Bringing World /Game/Maps/UEDPIE_0_Chapter1.Chapter1 up for play (max tick rate 60) at 2018.02.07-10.17.38
[2018.02.07-18.17.38:524][453]LogWorld: Bringing up level for play took: 0.122059
[2018.02.07-18.17.38:528][453]PIE: /Game/Maps/UEDPIE_0_Chapter1的‘在编辑器中播放’的起始时间0.262
[2018.02.07-18.21.38:315][389]LogContentBrowser: Native class hierarchy updated for 'BlueprintGraph' in 0.0009 seconds. Added 116 classes and 0 folders.
[2018.02.07-18.21.39:638][389]LogSlate: Took 0.000195 seconds to synchronously load lazily loaded font '../../../Engine/Content/Slate/Fonts/Roboto-Light.ttf' (159K)
[2018.02.07-18.21.39:643][389]LogSlate: Took 0.004825 seconds to synchronously load lazily loaded font '../../../Engine/Content/Editor/Slate/Fonts/Roboto-BoldCondensed.ttf' (158K)
[2018.02.07-18.22.00:782][877]LogSlate: Took 0.004595 seconds to synchronously load lazily loaded font '../../../Engine/Content/Editor/Slate/Fonts/Roboto-Italic.ttf' (157K)
[2018.02.07-18.22.11:713][138]LogRenderer: Reallocating scene render targets to support 868x488 Format 10 NumSamples 1 (Frame:1).
[2018.02.07-18.22.21:108][334]LogContentBrowser: Native class hierarchy updated for 'SkeletonEditor' in 0.0004 seconds. Added 1 classes and 2 folders.
[2018.02.07-18.22.21:652][334]LogActorComponent: RegisterComponentWithWorld: (/Engine/Transient.World_9:PersistentLevel.Actor_0.DebugSkelMeshComponent_0) Already registered. Aborting.
[2018.02.07-18.22.21:732][334]LogSkeletalMesh: USkeletalMeshComponent::InitArticulated : Bodies already created (/Engine/Transient.World_9:PersistentLevel.Actor_0.DebugSkelMeshComponent_0) - call TermArticulated first.
[2018.02.07-18.22.22:240][334]LogContentBrowser: Native class hierarchy updated for 'ClothingSystemEditorInterface' in 0.0006 seconds. Added 1 classes and 0 folders.
[2018.02.07-18.22.22:250][334]LogRenderer: Reallocating scene render targets to support 912x672 Format 10 NumSamples 1 (Frame:1).
[2018.02.07-18.22.35:190][627]LogActorComponent: RegisterComponentWithWorld: (/Engine/Transient.World_10:PersistentLevel.Actor_1.DebugSkelMeshComponent_1) Already registered. Aborting.
[2018.02.07-18.22.35:266][627]LogSkeletalMesh: USkeletalMeshComponent::InitArticulated : Bodies already created (/Engine/Transient.World_10:PersistentLevel.Actor_1.DebugSkelMeshComponent_1) - call TermArticulated first.
[2018.02.07-18.22.36:471][627]LogContentBrowser: Verbose: The majority of assets in the view are of type: AnimSequence
[2018.02.07-18.32.44:421][943]LogTemp: Repeating last play command: 选中的视口
[2018.02.07-18.32.44:449][943]LogPlayLevel: PlayLevel: No blueprints needed recompiling
[2018.02.07-18.32.44:449][943]PIE: New page: PIE会话: Chapter1 (2018年2月7日 上午2:32:44)
[2018.02.07-18.32.44:449][943]LogPlayLevel: Creating play world package: /Game/Maps/UEDPIE_0_Chapter1
[2018.02.07-18.32.44:935][943]LogPlayLevel: PIE: StaticDuplicateObject took: (0.485589s)
[2018.02.07-18.32.44:937][943]LogAIModule: Creating AISystem for world Chapter1
[2018.02.07-18.32.44:938][943]LogPlayLevel: PIE: World Init took: (0.002692s)
[2018.02.07-18.32.44:938][943]LogPlayLevel: PIE: Created PIE world by copying editor world from /Game/Maps/Chapter1.Chapter1 to /Game/Maps/UEDPIE_0_Chapter1.Chapter1 (0.489040s)
[2018.02.07-18.32.45:042][943]LogInit: XAudio2 using 'Speakers / Headphones (Realtek Audio)' : 6 channels at 48 kHz using 32 bits per sample (channel mask 0x3f)
[2018.02.07-18.32.45:206][943]LogInit: FAudioDevice initialized.
[2018.02.07-18.32.45:264][943]LogLoad: Game class is 'ThirdPersonGameMode_C'
[2018.02.07-18.32.45:482][943]LogWorld: Bringing World /Game/Maps/UEDPIE_0_Chapter1.Chapter1 up for play (max tick rate 0) at 2018.02.07-10.32.45
[2018.02.07-18.32.45:505][943]LogWorld: Bringing up level for play took: 0.237132
[2018.02.07-18.32.45:511][943]PIE: /Game/Maps/UEDPIE_0_Chapter1的‘在编辑器中播放’的起始时间1.245
[2018.02.07-18.33.31:911][899]LogContentBrowser: Native class hierarchy updated for 'TextureEditor' in 0.0004 seconds. Added 1 classes and 2 folders.
[2018.02.07-18.39.07:696][355]LogTemp: Repeating last play command: 选中的视口
[2018.02.07-18.39.07:735][355]LogPlayLevel: PlayLevel: No blueprints needed recompiling
[2018.02.07-18.39.07:735][355]PIE: New page: PIE会话: Chapter1 (2018年2月7日 上午2:39:07)
[2018.02.07-18.39.07:735][355]LogPlayLevel: Creating play world package: /Game/Maps/UEDPIE_0_Chapter1
[2018.02.07-18.39.08:148][355]LogPlayLevel: PIE: StaticDuplicateObject took: (0.412788s)
[2018.02.07-18.39.08:151][355]LogAIModule: Creating AISystem for world Chapter1
[2018.02.07-18.39.08:152][355]LogPlayLevel: PIE: World Init took: (0.003793s)
[2018.02.07-18.39.08:152][355]LogPlayLevel: PIE: Created PIE world by copying editor world from /Game/Maps/Chapter1.Chapter1 to /Game/Maps/UEDPIE_0_Chapter1.Chapter1 (0.417390s)
[2018.02.07-18.39.08:220][355]LogInit: XAudio2 using 'Speakers / Headphones (Realtek Audio)' : 6 channels at 48 kHz using 32 bits per sample (channel mask 0x3f)
[2018.02.07-18.39.08:412][355]LogInit: FAudioDevice initialized.
[2018.02.07-18.39.08:466][355]LogLoad: Game class is 'ThirdPersonGameMode_C'
[2018.02.07-18.39.08:535][355]LogWorld: Bringing World /Game/Maps/UEDPIE_0_Chapter1.Chapter1 up for play (max tick rate 0) at 2018.02.07-10.39.08
[2018.02.07-18.39.08:545][355]LogWorld: Bringing up level for play took: 0.077537
[2018.02.07-18.39.08:548][355]PIE: /Game/Maps/UEDPIE_0_Chapter1的‘在编辑器中播放’的起始时间0.282
[2018.02.07-18.54.25:731][714]Cmd: QUIT_EDITOR
[2018.02.07-18.54.25:789][714]LogWindowsTextInputMethodSystem: Display: IME system now activated using TSF (微软拼音).
[2018.02.07-18.54.25:801][714]LogExit: Preparing to exit.
[2018.02.07-18.54.26:502][714]LogExit: Editor shut down
[2018.02.07-18.54.26:587][714]LogExit: Transaction tracking system shut down
[2018.02.07-18.54.27:023][714]LogDirectoryWatcher: A directory notification for '../../../Engine/Content/' was aborted.
[2018.02.07-18.54.27:023][714]LogDirectoryWatcher: A directory notification for 'D:/UnrealPrograms/FantasyEscape3RD/Content/' was aborted.
[2018.02.07-18.54.27:023][714]LogDirectoryWatcher: A directory notification for '../../../Engine/Plugins/2D/Paper2D/Content/' was aborted.
[2018.02.07-18.54.27:023][714]LogDirectoryWatcher: A directory notification for '../../../Engine/Plugins/Media/MediaCompositing/Content/' was aborted.
[2018.02.07-18.54.27:023][714]LogDirectoryWatcher: A directory notification for '../../../Engine/Plugins/Runtime/AppleARKit/Content/' was aborted.
[2018.02.07-18.54.27:023][714]LogDirectoryWatcher: A directory notification for '../../../Engine/Plugins/Runtime/Oculus/OculusVR/Content/' was aborted.
[2018.02.07-18.54.27:023][714]LogDirectoryWatcher: A directory notification for '../../../Engine/Plugins/Runtime/Steam/SteamVR/Content/' was aborted.
